[15:51:19] [ServerMain/INFO]: [bootstrap] Running Java 21 (Java HotSpot(TM) 64-Bit Server VM 21.0.7+8-LTS-245; Oracle Corporation null) on Windows 11 10.0 (amd64)
[15:51:19] [ServerMain/INFO]: [bootstrap] Loading Paper 1.21.4-231-ver/1.21.4@09e9afd (2025-05-19T17:59:36Z) for Minecraft 1.21.4
[15:51:19] [ServerMain/WARN]: [oshi.driver.windows.perfmon.PerfmonDisabled] Invalid registry value type detected for PerfOS counters. Should be REG_DWORD. Ignoring: HKEY_LOCAL_MACHINE\SYSTEM\CurrentControlSet\Services\PerfOS\Performance\Disable Performance Counters.
[15:51:19] [ServerMain/INFO]: [PluginInitializerManager] Initializing plugins...
[15:51:20] [ServerMain/INFO]: [PluginInitializerManager] Initialized 9 plugins
[15:51:20] [ServerMain/INFO]: [PluginInitializerManager] Paper plugins (1):
 - EconomyShopGUI (6.13.0)
[15:51:20] [ServerMain/INFO]: [PluginInitializerManager] Bukkit plugins (8):
 - Essentials (2.21.1), LoginSecurity (3.3.0), LuckPerms (5.5.2), SimpleTpa (7.6), SkinsRestorer (15.6.5), Vault (1.7.3-b131), WorldEdit (7.3.14+7149-8bea01b), WorldGuard (7.0.13+82fdc65)
[15:51:24] [ServerMain/INFO]: Environment: Environment[sessionHost=https://sessionserver.mojang.com, servicesHost=https://api.minecraftservices.com, name=PROD]
[15:51:25] [ServerMain/INFO]: Loaded 1370 recipes
[15:51:25] [ServerMain/INFO]: Loaded 1481 advancements
[15:51:25] [ServerMain/INFO]: [MCTypeRegistry] Initialising converters for DataConverter...
[15:51:25] [ServerMain/INFO]: [MCTypeRegistry] Finished initialising converters for DataConverter in 146.8ms
[15:51:25] [Server thread/INFO]: Starting minecraft server version 1.21.4
[15:51:25] [Server thread/INFO]: Loading properties
[15:51:25] [Server thread/INFO]: This server is running Paper version 1.21.4-231-ver/1.21.4@09e9afd (2025-05-19T17:59:36Z) (Implementing API version 1.21.4-R0.1-SNAPSHOT)
[15:51:26] [Server thread/INFO]: [spark] This server bundles the spark profiler. For more information please visit https://docs.papermc.io/paper/profiling
[15:51:26] [Server thread/INFO]: Using 4 threads for Netty based IO
[15:51:26] [Server thread/INFO]: Server Ping Player Sample Count: 12
[15:51:26] [Server thread/INFO]: [MoonriseCommon] Paper is using 4 worker threads, 1 I/O threads
[15:51:26] [Server thread/INFO]: [ChunkTaskScheduler] Chunk system is using population gen parallelism: true
[15:51:26] [Server thread/INFO]: Default game type: SURVIVAL
[15:51:26] [Server thread/INFO]: Generating keypair
[15:51:26] [Server thread/INFO]: Starting Minecraft server on *:25565
[15:51:26] [Server thread/INFO]: Using default channel type
[15:51:26] [Server thread/INFO]: Paper: Using Java compression from Velocity.
[15:51:26] [Server thread/INFO]: Paper: Using Java cipher from Velocity.
[15:51:27] [Server thread/INFO]: [LuckPerms] Loading server plugin LuckPerms v5.5.2
[15:51:27] [Server thread/INFO]: [Vault] Loading server plugin Vault v1.7.3-b131
[15:51:27] [Server thread/INFO]: [WorldEdit] Loading server plugin WorldEdit v7.3.14+7149-8bea01b
[15:51:28] [Server thread/INFO]: Got request to register class com.sk89q.worldedit.bukkit.BukkitServerInterface with WorldEdit [com.sk89q.worldedit.extension.platform.PlatformManager@42043efa]
[15:51:28] [Server thread/INFO]: [Essentials] Loading server plugin Essentials v2.21.1
[15:51:28] [Server thread/INFO]: [WorldGuard] Loading server plugin WorldGuard v7.0.13+82fdc65
[15:51:28] [Server thread/INFO]: [SkinsRestorer] Loading server plugin SkinsRestorer v15.6.5
[15:51:28] [Server thread/INFO]: [SimpleTpa] Loading server plugin SimpleTpa v7.6
[15:51:28] [Server thread/INFO]: [LoginSecurity] Loading server plugin LoginSecurity v3.3.0
[15:51:28] [Server thread/INFO]: [EconomyShopGUI] Loading server plugin EconomyShopGUI v6.13.0
[15:51:28] [Server thread/INFO]: Server permissions file permissions.yml is empty, ignoring it
[15:51:28] [Server thread/INFO]: [LuckPerms] Enabling LuckPerms v5.5.2
[15:51:28] [Server thread/INFO]:         __    
[15:51:28] [Server thread/INFO]:   |    |__)   LuckPerms v5.5.2
[15:51:28] [Server thread/INFO]:   |___ |      Running on Bukkit - Paper
[15:51:28] [Server thread/INFO]: 
[15:51:28] [Server thread/INFO]: [LuckPerms] Loading configuration...
[15:51:28] [Server thread/INFO]: [LuckPerms] Loading storage provider... [H2]
[15:51:29] [Server thread/INFO]: [LuckPerms] Loading internal permission managers...
[15:51:29] [Server thread/INFO]: [LuckPerms] Performing initial data load...
[15:51:29] [Server thread/INFO]: [LuckPerms] Successfully enabled. (took 1034ms)
[15:51:29] [Server thread/INFO]: [Vault] Enabling Vault v1.7.3-b131
[15:51:29] [Server thread/INFO]: [Vault] [Economy] Essentials Economy found: Waiting
[15:51:29] [Server thread/INFO]: [Vault] [Permission] SuperPermissions loaded as backup permission system.
[15:51:29] [Server thread/INFO]: [Vault] Enabled Version 1.7.3-b131
[15:51:29] [Server thread/INFO]: [LuckPerms] Registered Vault permission & chat hook.
[15:51:29] [Server thread/INFO]: [WorldEdit] Enabling WorldEdit v7.3.14+7149-8bea01b
[15:51:29] [Server thread/INFO]: Registering commands with com.sk89q.worldedit.bukkit.BukkitServerInterface
[15:51:29] [Server thread/INFO]: WEPIF: Vault detected! Using Vault for permissions
[15:51:29] [Server thread/INFO]: Using com.sk89q.worldedit.bukkit.adapter.impl.v1_21_4.PaperweightAdapter as the Bukkit adapter
[15:51:30] [Server thread/INFO]: [SkinsRestorer] Enabling SkinsRestorer v15.6.5
[15:51:31] [Server thread/INFO]: [SkinsRestorer] Running on Minecraft 1.21.4.
[15:51:31] [Server thread/INFO]: [SkinsRestorer] Using paper join listener!
[15:51:31] [Server thread/WARN]: **** SERVER IS RUNNING IN OFFLINE/INSECURE MODE!
[15:51:31] [Server thread/WARN]: The server will make no attempt to authenticate usernames. Beware.
[15:51:31] [Server thread/WARN]: While this makes the game possible to play without internet access, it also opens up the ability for hackers to connect with any username they choose.
[15:51:31] [Server thread/WARN]: To change this, set "online-mode" to "true" in the server.properties file.
[15:51:31] [Server thread/INFO]: Preparing level "world"
[15:51:32] [Folia Async Scheduler Thread #1/INFO]: [SkinsRestorer] ----------------------------------------------
[15:51:32] [Folia Async Scheduler Thread #1/INFO]: [SkinsRestorer]     +==================+
[15:51:32] [Folia Async Scheduler Thread #1/INFO]: [SkinsRestorer]     |   SkinsRestorer  |
[15:51:32] [Folia Async Scheduler Thread #1/INFO]: [SkinsRestorer]     |------------------|
[15:51:32] [Folia Async Scheduler Thread #1/INFO]: [SkinsRestorer]     |  Standalone Mode |
[15:51:32] [Folia Async Scheduler Thread #1/INFO]: [SkinsRestorer]     +==================+
[15:51:32] [Folia Async Scheduler Thread #1/INFO]: [SkinsRestorer] ----------------------------------------------
[15:51:32] [Folia Async Scheduler Thread #1/INFO]: [SkinsRestorer]     Version: 15.6.5
[15:51:32] [Folia Async Scheduler Thread #1/INFO]: [SkinsRestorer]     Commit: f8c262a
[15:51:32] [Folia Async Scheduler Thread #1/INFO]: [SkinsRestorer]     This is the latest version!
[15:51:32] [Folia Async Scheduler Thread #1/INFO]: [SkinsRestorer] ----------------------------------------------
[15:51:32] [Folia Async Scheduler Thread #1/INFO]: [SkinsRestorer] Do you have issues? Read our troubleshooting guide: https://skinsrestorer.net/docs/troubleshooting
[15:51:32] [Folia Async Scheduler Thread #1/INFO]: [SkinsRestorer] Want to support SkinsRestorer? Consider donating: https://skinsrestorer.net/donate
[15:51:32] [Server thread/INFO]: Preparing start region for dimension minecraft:overworld
[15:51:33] [Server thread/INFO]: Preparing spawn area: 0%
[15:51:33] [Server thread/INFO]: Time elapsed: 446 ms
[15:51:33] [Server thread/INFO]: Preparing start region for dimension minecraft:the_nether
[15:51:33] [Server thread/INFO]: Preparing spawn area: 0%
[15:51:33] [Server thread/INFO]: Time elapsed: 142 ms
[15:51:33] [Server thread/INFO]: Preparing start region for dimension minecraft:the_end
[15:51:33] [Server thread/INFO]: Preparing spawn area: 2%
[15:51:33] [Server thread/INFO]: Time elapsed: 364 ms
[15:51:33] [Server thread/INFO]: [Essentials] Enabling Essentials v2.21.1
[15:51:34] [Server thread/ERROR]: [Essentials] You are running an unsupported server version!
[15:51:34] [Server thread/INFO]: [Essentials] Attempting to convert old kits in config.yml to new kits.yml
[15:51:34] [Server thread/INFO]: [Essentials] No kits found to migrate.
[15:51:34] [Server thread/INFO]: [Essentials] Selected Paper Server State Provider as the provider for ServerStateProvider
[15:51:34] [Server thread/INFO]: [Essentials] Selected 1.17.1+ World Info Provider as the provider for WorldInfoProvider
[15:51:34] [Server thread/INFO]: [Essentials] Selected Paper Material Tag Provider as the provider for MaterialTagProvider
[15:51:34] [Server thread/INFO]: [Essentials] Selected Paper Container Provider as the provider for ContainerProvider
[15:51:34] [Server thread/INFO]: [Essentials] Selected 1.20.4+ Damage Event Provider as the provider for DamageEventProvider
[15:51:34] [Server thread/INFO]: [Essentials] Selected 1.8.3+ Spawner Item Provider as the provider for SpawnerItemProvider
[15:51:34] [Server thread/INFO]: [Essentials] Selected Paper Known Commands Provider as the provider for KnownCommandsProvider
[15:51:34] [Server thread/INFO]: [Essentials] Selected Paper Biome Key Provider as the provider for BiomeKeyProvider
[15:51:34] [Server thread/INFO]: [Essentials] Selected 1.20.6+ Potion Meta Provider as the provider for PotionMetaProvider
[15:51:34] [Server thread/INFO]: [Essentials] Selected 1.12.2+ Player Locale Provider as the provider for PlayerLocaleProvider
[15:51:34] [Server thread/INFO]: [Essentials] Selected 1.21+ InventoryView Interface ABI Provider as the provider for InventoryViewProvider
[15:51:34] [Server thread/INFO]: [Essentials] Selected 1.20.5+ Banner Data Provider as the provider for BannerDataProvider
[15:51:34] [Server thread/INFO]: [Essentials] Selected 1.12+ Spawner Block Provider as the provider for SpawnerBlockProvider
[15:51:34] [Server thread/INFO]: [Essentials] Selected Reflection Online Mode Provider as the provider for OnlineModeProvider
[15:51:34] [Server thread/INFO]: [Essentials] Selected 1.21.4+ Sync Commands Provider as the provider for SyncCommandsProvider
[15:51:34] [Server thread/INFO]: [Essentials] Selected 1.14+ Sign Data Provider as the provider for SignDataProvider
[15:51:34] [Server thread/INFO]: [Essentials] Selected 1.11+ Item Unbreakable Provider as the provider for ItemUnbreakableProvider
[15:51:34] [Server thread/INFO]: [Essentials] Selected Paper Tick Count Provider as the provider for TickCountProvider
[15:51:34] [Server thread/INFO]: [Essentials] Selected 1.14.4+ Persistent Data Container Provider as the provider for PersistentDataProvider
[15:51:34] [Server thread/INFO]: [Essentials] Selected 1.13+ Spawn Egg Provider as the provider for SpawnEggProvider
[15:51:34] [Server thread/INFO]: [Essentials] Selected Paper Serialization Provider as the provider for SerializationProvider
[15:51:34] [Server thread/INFO]: [Essentials] Selected Reflection Formatted Command Alias Provider as the provider for FormattedCommandAliasProvider
[15:51:34] [Server thread/INFO]: [Essentials] Loaded 43517 items from items.json.
[15:51:34] [Server thread/INFO]: [Essentials] Using locale en_US
[15:51:34] [Server thread/INFO]: [Essentials] ServerListPingEvent: Spigot iterator API
[15:51:34] [Server thread/INFO]: [Essentials] Starting Metrics. Opt-out using the global bStats config.
[15:51:34] [Server thread/INFO]: [Vault] [Economy] Essentials Economy hooked.
[15:51:34] [Server thread/INFO]: [Essentials] Using Vault based permissions (LuckPerms)
[15:51:34] [Server thread/INFO]: [WorldGuard] Enabling WorldGuard v7.0.13+82fdc65
[15:51:34] [Server thread/INFO]: [WorldGuard] (world) TNT ignition is PERMITTED.
[15:51:34] [Server thread/INFO]: [WorldGuard] (world) Lighters are PERMITTED.
[15:51:34] [Server thread/INFO]: [WorldGuard] (world) Lava fire is PERMITTED.
[15:51:34] [Server thread/INFO]: [WorldGuard] (world) Fire spread is UNRESTRICTED.
[15:51:34] [Server thread/INFO]: [WorldGuard] Loaded configuration for world 'world'
[15:51:34] [Server thread/INFO]: [WorldGuard] (world_nether) TNT ignition is PERMITTED.
[15:51:34] [Server thread/INFO]: [WorldGuard] (world_nether) Lighters are PERMITTED.
[15:51:34] [Server thread/INFO]: [WorldGuard] (world_nether) Lava fire is PERMITTED.
[15:51:34] [Server thread/INFO]: [WorldGuard] (world_nether) Fire spread is UNRESTRICTED.
[15:51:34] [Server thread/INFO]: [WorldGuard] Loaded configuration for world 'world_nether'
[15:51:34] [Server thread/INFO]: [WorldGuard] (world_the_end) TNT ignition is PERMITTED.
[15:51:34] [Server thread/INFO]: [WorldGuard] (world_the_end) Lighters are PERMITTED.
[15:51:34] [Server thread/INFO]: [WorldGuard] (world_the_end) Lava fire is PERMITTED.
[15:51:34] [Server thread/INFO]: [WorldGuard] (world_the_end) Fire spread is UNRESTRICTED.
[15:51:34] [Server thread/INFO]: [WorldGuard] Loaded configuration for world 'world_the_end'
[15:51:34] [Server thread/INFO]: [WorldGuard] Loading region data...
[15:51:34] [Server thread/INFO]: [SimpleTpa] Enabling SimpleTpa v7.6
[15:51:34] [Server thread/INFO]: [SimpleTpa] If you need support contact me at https://discord.gg/SZUkza9
[15:51:34] [Server thread/INFO]: [SimpleTpa] Simple Tpa has been enabled on version 7.6
[15:51:34] [Server thread/INFO]: Enabled metrics. You may opt-out by changing plugins/bStats/config.yml
[15:51:34] [Server thread/INFO]: [LoginSecurity] Enabling LoginSecurity v3.3.0
[15:51:34] [Server thread/INFO]: [LoginSecurity] Loading base translations from "en_us"
[15:51:35] [Server thread/INFO]: [LoginSecurity] Loading specified translations from "en_us"
[15:51:35] [Server thread/INFO]: [LoginSecurity] Registering commands...
[15:51:35] [Server thread/INFO]: [LoginSecurity] Registering listeners...
[15:51:35] [Server thread/INFO]: [LoginSecurity] Using 1.12+ map captcha renderer
[15:51:35] [Server thread/INFO]: [EconomyShopGUI] Enabling EconomyShopGUI v6.13.0
[15:51:35] [Server thread/INFO]: [EconomyShopGUI] [INFO]: Using lang-en.yml as language file.
[15:51:35] [Server thread/INFO]: [EconomyShopGUI] [INFO]: Completed loading 6 section configs from /sections/
[15:51:35] [Server thread/INFO]: [EconomyShopGUI] [INFO]: Completed loading 6 shop configs from /shops/
[15:51:35] [Server thread/INFO]: [EconomyShopGUI] [INFO]: Updating Shop settings...
[15:51:35] [Server thread/INFO]: [EconomyShopGUI] [INFO]: Successfully hooked into Vault and using EssentialsX Economy as economy provider
[15:51:35] [Server thread/INFO]: [EconomyShopGUI] [INFO]: Completed loading 1 economy provider(s) for all 4 shop sections.
[15:51:35] [Server thread/INFO]: [EconomyShopGUI] [INFO]: Using minecraft version 1.21.4...
[15:51:35] [Server thread/INFO]: [EconomyShopGUI] [INFO]: Spawner provider set to AUTO in config
[15:51:35] [Server thread/INFO]: [EconomyShopGUI] [INFO]: Automatically searching for compatible spawner provider....
[15:51:35] [Server thread/INFO]: [EconomyShopGUI] [INFO]: Failed to automatically find compatible spawner provider, using default...
[15:51:35] [Server thread/INFO]: [EconomyShopGUI] [INFO]: Debug mode is enabled.
[15:51:35] [Server thread/INFO]: [EconomyShopGUI] [INFO]: Loading all items...
[15:51:35] [Server thread/INFO]: [EconomyShopGUI] [WARN]: The place of shop Decoration in the main shop-inventory has automatically been changed to '0' because it was already used or could not be found.
[15:51:35] [Server thread/INFO]: [EconomyShopGUI] [INFO]: Initialized - Took 387ms to complete
[15:51:35] [Server thread/INFO]: [spark] Starting background profiler...
[15:51:35] [Server thread/INFO]: [spark] The async-profiler engine is not supported for your os/arch (windows11/amd64), so the built-in Java engine will be used instead.
[15:51:35] [Server thread/INFO]: Done preparing level "world" (3.964s)
[15:51:35] [Server thread/INFO]: Running delayed init tasks
[15:51:35] [Server thread/INFO]: [Essentials] Essentials found a compatible payment resolution method: Vault Compatibility Layer (v1.7.3-b131)!
[15:51:35] [Craft Scheduler Thread - 7 - Vault/INFO]: [Vault] Checking for Updates ... 
[15:51:35] [Craft Scheduler Thread - 0 - Essentials/INFO]: [Essentials] Fetching version information...
[15:51:35] [Server thread/INFO]: Done (16.937s)! For help, type "help"
[15:51:35] [Craft Scheduler Thread - 7 - Vault/INFO]: [Vault] No new version available
[15:51:39] [User Authenticator #0/INFO]: UUID of player bonnie_donkis is f61be8ea-7157-34e9-8738-33cc3d93dc93
[15:51:39] [Server thread/INFO]: Environment: Environment[sessionHost=https://sessionserver.mojang.com, servicesHost=https://api.minecraftservices.com, name=PROD]
[15:51:39] [Server thread/INFO]: bonnie_donkis[/76.170.82.182:59357] logged in with entity id 65 at ([world]972.1083953964375, 32.0, 599.3842140809816)
[15:51:39] [Server thread/INFO]: bonnie_donkis joined the server!
[15:51:44] [User Authenticator #0/INFO]: UUID of player mwyi is 4d8584bb-d831-3963-b026-93d3217d45bc
[15:51:45] [Server thread/INFO]: mwyi[/178.220.183.123:6049] logged in with entity id 482 at ([world]-3442442.425399145, 56.0, -333581.54924075765)
[15:51:45] [Server thread/INFO]: mwyi joined the server!
[15:51:57] [Server thread/INFO]: mwyi issued server command: /gmc
[15:52:43] [Server thread/INFO]: bonnie_donkis issued server command: /homes
[15:52:46] [Server thread/INFO]: bonnie_donkis issued server command: /delhome *
[15:52:50] [Server thread/INFO]: bonnie_donkis issued server command: /sethome base
[15:52:57] [Server thread/INFO]: bonnie_donkis issued server command: /gmc
[15:52:57] [Server thread/INFO]: [Essentials] bonnie_donkis was denied access to command.
[15:53:02] [Server thread/INFO]: Made bonnie_donkis a server operator
[15:53:07] [Server thread/INFO]: mwyi issued server command: /ec
[15:53:20] [Server thread/INFO]: bonnie_donkis issued server command: /gmc
[15:53:47] [Server thread/INFO]: bonnie_donkis issued server command: /worldborder set 8000000
[15:53:47] [Server thread/INFO]: [bonnie_donkis: Set the world border to 8000000.0 block(s) wide]
[15:53:52] [User Authenticator #1/INFO]: UUID of player NavySeal10000 is 950c7e15-0b53-3ecf-bdc1-ae14352088ac
[15:53:53] [Server thread/INFO]: NavySeal10000[/108.90.170.106:58293] logged in with entity id 1317 at ([world]2349053.699999988, 55.0, -3133339.699999988)
[15:53:53] [Server thread/INFO]: NavySeal10000 joined the server!
[15:54:01] [Server thread/INFO]: bonnie_donkis issued server command: /tp NavySeal10000
[15:54:01] [Server thread/WARN]: bonnie_donkis moved too quickly! 2348080.4055795344,23.0,-3133941.58024976
[15:54:01] [Server thread/WARN]: bonnie_donkis moved too quickly! 2348080.4055795344,23.0,-3133941.58024976
[15:54:01] [Server thread/WARN]: bonnie_donkis moved too quickly! 2348080.4055795344,23.0,-3133941.58024976
[15:54:01] [Server thread/WARN]: bonnie_donkis moved too quickly! 2348080.4055795344,23.0,-3133941.58024976
[15:54:01] [Server thread/WARN]: bonnie_donkis moved too quickly! 2348080.4055795344,23.0,-3133941.58024976
[15:54:01] [Server thread/WARN]: bonnie_donkis moved too quickly! 2348080.4055795344,23.0,-3133941.58024976
[15:55:10] [Server thread/INFO]: mwyi issued server command: /ec
[15:55:26] [Server thread/INFO]: mwyi issued server command: /ec amelinyah
[15:56:31] [Server thread/INFO]: bonnie_donkis issued server command: /minecraft:teleport NavySeal10000 0 0 5000
[15:56:31] [Server thread/INFO]: [bonnie_donkis: Teleported NavySeal10000 to 0.500000, 0.000000, 5000.500000]
[15:56:35] [Server thread/INFO]: bonnie_donkis issued server command: /tp NavySeal10000
[15:56:35] [Server thread/WARN]: bonnie_donkis moved too quickly! -2349045.410097548,-83.0,3138339.241471864
[15:56:44] [Server thread/INFO]: bonnie_donkis issued server command: /tp NavySeal10000 0 100 5000
[15:56:47] [Server thread/INFO]: bonnie_donkis issued server command: /tp NavySeal10000
[15:56:47] [Server thread/WARN]: bonnie_donkis moved too quickly! -0.0697126811711769,67.0,-0.19999998807907104
[15:57:05] [Server thread/INFO]: bonnie_donkis issued server command: /homes
[15:57:05] [Server thread/WARN]: bonnie_donkis moved too quickly! 954.7781535839638,-39.0,-4405.181770862539
[15:57:05] [Server thread/WARN]: bonnie_donkis moved too quickly! 954.7781535839638,-39.0,-4405.181770862539
[15:57:05] [Server thread/WARN]: bonnie_donkis moved too quickly! 954.7781535839638,-39.0,-4405.181770862539
[15:57:05] [Server thread/WARN]: bonnie_donkis moved too quickly! 954.7781535839638,-39.0,-4405.181770862539
[15:57:05] [Server thread/WARN]: bonnie_donkis moved too quickly! 954.7781535839638,-39.0,-4405.181770862539
[15:57:05] [Server thread/WARN]: bonnie_donkis moved too quickly! 954.7781535839638,-39.0,-4405.181770862539
[15:57:05] [Server thread/WARN]: bonnie_donkis moved too quickly! 954.7781535839638,-39.0,-4405.181770862539
[15:57:05] [Server thread/WARN]: bonnie_donkis moved too quickly! 954.7781535839638,-39.0,-4405.181770862539
[15:57:05] [Server thread/WARN]: bonnie_donkis moved too quickly! 954.7781535839638,-39.0,-4405.181770862539
[15:57:05] [Server thread/WARN]: bonnie_donkis moved too quickly! 954.7781535839638,-39.0,-4405.181770862539
[15:57:08] [Server thread/INFO]: bonnie_donkis issued server command: /homes
[15:57:10] [Server thread/INFO]: bonnie_donkis issued server command: /home
[15:57:45] [Server thread/INFO]: NavySeal10000 issued server command: /shop
[15:58:08] [Server thread/INFO]: CONSOLE: Are you sure you wish to reload your server? Doing so may cause bugs and memory leaks. It is recommended to restart instead of using /reload. To confirm, please type /reload confirm
[15:58:11] [Server thread/INFO]: CONSOLE: Please note that this command is not supported and may cause issues when using some plugins.
[15:58:11] [Server thread/INFO]: CONSOLE: If you encounter any issues please use the /stop command to restart your server.
[15:58:11] [Server thread/INFO]: Using 4 threads for Netty based IO
[15:58:11] [Server thread/INFO]: Server Ping Player Sample Count: 12
[15:58:11] [Server thread/INFO]: [MoonriseCommon] Paper is using 4 worker threads, 1 I/O threads
[15:58:11] [Server thread/INFO]: [ChunkTaskScheduler] Chunk system is using population gen parallelism: true
[15:58:11] [Server thread/INFO]: [EconomyShopGUI] Disabling EconomyShopGUI v6.13.0
[15:58:11] [Server thread/INFO]: [LoginSecurity] Disabling LoginSecurity v3.3.0
[15:58:11] [Server thread/INFO]: [LoginSecurity] Waiting for queued tasks...
[15:58:11] [Server thread/INFO]: [LoginSecurity] ExecutorService shut down, ready to disable.
[15:58:11] [Server thread/INFO]: [SimpleTpa] Disabling SimpleTpa v7.6
[15:58:11] [Server thread/INFO]: [SimpleTpa] If you need support contact me at https://discord.gg/SZUkza9
[15:58:11] [Server thread/INFO]: [SimpleTpa] Simple Tpa has been disabled on version 7.6
[15:58:11] [Server thread/INFO]: [SkinsRestorer] Disabling SkinsRestorer v15.6.5
[15:58:11] [Server thread/INFO]: [WorldGuard] Disabling WorldGuard v7.0.13+82fdc65
[15:58:11] [Server thread/INFO]: [WorldGuard] Shutting down executor and cancelling any pending tasks...
[15:58:11] [Server thread/INFO]: [Essentials] Disabling Essentials v2.21.1
[15:58:11] [Server thread/INFO]: [Vault] [Economy] Essentials Economy unhooked.
[15:58:11] [Server thread/ERROR]: [Essentials] There's a good chance you're reloading your server right now. If that's the case, why do you hate yourself? Expect no support from the EssentialsX team when using /reload.
[15:58:11] [Server thread/INFO]: [WorldEdit] Disabling WorldEdit v7.3.14+7149-8bea01b
[15:58:11] [Server thread/INFO]: Unregistering com.sk89q.worldedit.bukkit.BukkitServerInterface from WorldEdit
[15:58:11] [Server thread/INFO]: [Vault] Disabling Vault v1.7.3-b131
[15:58:11] [Server thread/INFO]: [LuckPerms] Disabling LuckPerms v5.5.2
[15:58:11] [Server thread/INFO]: [LuckPerms] Starting shutdown process...
[15:58:11] [Server thread/INFO]: [LuckPerms] Closing storage...
[15:58:11] [Server thread/INFO]: [LuckPerms] Goodbye!
[15:58:11] [Server thread/INFO]: Loaded 1370 recipes
[15:58:11] [Server thread/INFO]: Loaded 1481 advancements
[15:58:11] [Server thread/INFO]: [PluginInitializerManager] Initializing plugins...
[15:58:11] [Server thread/INFO]: [PluginInitializerManager] Initialized 9 plugins
[15:58:11] [Server thread/INFO]: [PluginInitializerManager] Paper plugins (1):
 - EconomyShopGUI (6.13.0)
[15:58:11] [Server thread/INFO]: [PluginInitializerManager] Bukkit plugins (8):
 - Essentials (2.21.1), LoginSecurity (3.3.0), LuckPerms (5.5.2), SimpleTpa (7.6), SkinsRestorer (15.6.5), Vault (1.7.3-b131), WorldEdit (7.3.14+7149-8bea01b), WorldGuard (7.0.13+82fdc65)
[15:58:11] [Server thread/WARN]: [PluginInitializerManager] ======== WARNING ========
[15:58:11] [Server thread/WARN]: [PluginInitializerManager] You are reloading while having Paper plugins installed on your server.
[15:58:11] [Server thread/WARN]: [PluginInitializerManager] Paper plugins do NOT support being reloaded. This will cause some unexpected issues.
[15:58:11] [Server thread/WARN]: [PluginInitializerManager] =========================
[15:58:12] [Server thread/INFO]: [LuckPerms] Loading server plugin LuckPerms v5.5.2
[15:58:12] [Server thread/INFO]: [Vault] Loading server plugin Vault v1.7.3-b131
[15:58:12] [Server thread/INFO]: [WorldEdit] Loading server plugin WorldEdit v7.3.14+7149-8bea01b
[15:58:12] [Server thread/INFO]: Got request to register class com.sk89q.worldedit.bukkit.BukkitServerInterface with WorldEdit [com.sk89q.worldedit.extension.platform.PlatformManager@592d6be7]
[15:58:12] [Server thread/INFO]: [Essentials] Loading server plugin Essentials v2.21.1
[15:58:12] [Server thread/INFO]: [WorldGuard] Loading server plugin WorldGuard v7.0.13+82fdc65
[15:58:12] [Server thread/INFO]: [SkinsRestorer] Loading server plugin SkinsRestorer v15.6.5
[15:58:12] [Server thread/INFO]: [SimpleTpa] Loading server plugin SimpleTpa v7.6
[15:58:12] [Server thread/INFO]: [LoginSecurity] Loading server plugin LoginSecurity v3.3.0
[15:58:12] [Server thread/INFO]: [EconomyShopGUI] Loading server plugin EconomyShopGUI v6.13.0
[15:58:12] [Server thread/INFO]: Server permissions file permissions.yml is empty, ignoring it
[15:58:12] [Server thread/INFO]: [LuckPerms] Enabling LuckPerms v5.5.2
[15:58:12] [Server thread/INFO]:         __    
[15:58:12] [Server thread/INFO]:   |    |__)   LuckPerms v5.5.2
[15:58:12] [Server thread/INFO]:   |___ |      Running on Bukkit - Paper
[15:58:12] [Server thread/INFO]: 
[15:58:12] [Server thread/INFO]: [LuckPerms] Loading configuration...
[15:58:13] [Server thread/INFO]: [LuckPerms] Loading storage provider... [H2]
[15:58:13] [Server thread/INFO]: [LuckPerms] Loading internal permission managers...
[15:58:13] [Server thread/INFO]: [LuckPerms] Performing initial data load...
[15:58:13] [Server thread/INFO]: [LuckPerms] Successfully enabled. (took 551ms)
[15:58:13] [Server thread/INFO]: [Vault] Enabling Vault v1.7.3-b131
[15:58:13] [Server thread/INFO]: [Vault] [Economy] Essentials Economy found: Waiting
[15:58:13] [Server thread/INFO]: [Vault] [Permission] SuperPermissions loaded as backup permission system.
[15:58:13] [Server thread/INFO]: [Vault] Enabled Version 1.7.3-b131
[15:58:13] [Server thread/INFO]: [LuckPerms] Registered Vault permission & chat hook.
[15:58:13] [Server thread/INFO]: [WorldEdit] Enabling WorldEdit v7.3.14+7149-8bea01b
[15:58:13] [Server thread/INFO]: Registering commands with com.sk89q.worldedit.bukkit.BukkitServerInterface
[15:58:13] [Server thread/INFO]: WEPIF: Vault detected! Using Vault for permissions
[15:58:13] [Server thread/WARN]: [WorldEdit] Server reload detected. This may cause various issues with WorldEdit and dependent plugins.
[15:58:13] [Server thread/INFO]: Using com.sk89q.worldedit.bukkit.adapter.impl.v1_21_4.PaperweightAdapter as the Bukkit adapter
[15:58:14] [Server thread/INFO]: [SkinsRestorer] Enabling SkinsRestorer v15.6.5
[15:58:14] [Server thread/ERROR]: [SkinsRestorer] SkinsRestorer was already loaded in this JVM. You must've used a plugin like PlugMan to reload it. This is not supported and will cause issues with the plugin! Please restart your server to reload the plugin properly.
[15:58:14] [Server thread/INFO]: [SkinsRestorer] Running on Minecraft 1.21.4.
[15:58:14] [Server thread/INFO]: [SkinsRestorer] Using paper join listener!
[15:58:14] [Server thread/INFO]: [Essentials] Enabling Essentials v2.21.1
[15:58:14] [Folia Async Scheduler Thread #7/INFO]: [SkinsRestorer] ----------------------------------------------
[15:58:14] [Folia Async Scheduler Thread #7/INFO]: [SkinsRestorer]     +==================+
[15:58:14] [Folia Async Scheduler Thread #7/INFO]: [SkinsRestorer]     |   SkinsRestorer  |
[15:58:14] [Folia Async Scheduler Thread #7/INFO]: [SkinsRestorer]     |------------------|
[15:58:14] [Folia Async Scheduler Thread #7/INFO]: [SkinsRestorer]     |  Standalone Mode |
[15:58:14] [Folia Async Scheduler Thread #7/INFO]: [SkinsRestorer]     +==================+
[15:58:14] [Folia Async Scheduler Thread #7/INFO]: [SkinsRestorer] ----------------------------------------------
[15:58:14] [Folia Async Scheduler Thread #7/INFO]: [SkinsRestorer]     Version: 15.6.5
[15:58:14] [Folia Async Scheduler Thread #7/INFO]: [SkinsRestorer]     Commit: f8c262a
[15:58:14] [Folia Async Scheduler Thread #7/INFO]: [SkinsRestorer]     This is the latest version!
[15:58:14] [Folia Async Scheduler Thread #7/INFO]: [SkinsRestorer] ----------------------------------------------
[15:58:14] [Folia Async Scheduler Thread #7/INFO]: [SkinsRestorer] Do you have issues? Read our troubleshooting guide: https://skinsrestorer.net/docs/troubleshooting
[15:58:14] [Folia Async Scheduler Thread #7/INFO]: [SkinsRestorer] Want to support SkinsRestorer? Consider donating: https://skinsrestorer.net/donate
[15:58:15] [Server thread/ERROR]: [Essentials] You are running an unsupported server version!
[15:58:15] [Server thread/INFO]: [Essentials] Attempting to convert old kits in config.yml to new kits.yml
[15:58:15] [Server thread/INFO]: [Essentials] No kits found to migrate.
[15:58:15] [Server thread/INFO]: [Essentials] Selected 1.21.4+ Sync Commands Provider as the provider for SyncCommandsProvider
[15:58:15] [Server thread/INFO]: [Essentials] Selected 1.13+ Spawn Egg Provider as the provider for SpawnEggProvider
[15:58:15] [Server thread/INFO]: [Essentials] Selected 1.17.1+ World Info Provider as the provider for WorldInfoProvider
[15:58:15] [Server thread/INFO]: [Essentials] Selected 1.11+ Item Unbreakable Provider as the provider for ItemUnbreakableProvider
[15:58:15] [Server thread/INFO]: [Essentials] Selected Paper Known Commands Provider as the provider for KnownCommandsProvider
[15:58:15] [Server thread/INFO]: [Essentials] Selected Paper Tick Count Provider as the provider for TickCountProvider
[15:58:15] [Server thread/INFO]: [Essentials] Selected 1.12+ Spawner Block Provider as the provider for SpawnerBlockProvider
[15:58:15] [Server thread/INFO]: [Essentials] Selected Reflection Formatted Command Alias Provider as the provider for FormattedCommandAliasProvider
[15:58:15] [Server thread/INFO]: [Essentials] Selected Paper Server State Provider as the provider for ServerStateProvider
[15:58:15] [Server thread/INFO]: [Essentials] Selected Paper Container Provider as the provider for ContainerProvider
[15:58:15] [Server thread/INFO]: [Essentials] Selected 1.20.5+ Banner Data Provider as the provider for BannerDataProvider
[15:58:15] [Server thread/INFO]: [Essentials] Selected 1.20.6+ Potion Meta Provider as the provider for PotionMetaProvider
[15:58:15] [Server thread/INFO]: [Essentials] Selected 1.8.3+ Spawner Item Provider as the provider for SpawnerItemProvider
[15:58:15] [Server thread/INFO]: [Essentials] Selected Reflection Online Mode Provider as the provider for OnlineModeProvider
[15:58:15] [Server thread/INFO]: [Essentials] Selected Paper Material Tag Provider as the provider for MaterialTagProvider
[15:58:15] [Server thread/INFO]: [Essentials] Selected 1.14.4+ Persistent Data Container Provider as the provider for PersistentDataProvider
[15:58:15] [Server thread/INFO]: [Essentials] Selected 1.14+ Sign Data Provider as the provider for SignDataProvider
[15:58:15] [Server thread/INFO]: [Essentials] Selected 1.21+ InventoryView Interface ABI Provider as the provider for InventoryViewProvider
[15:58:15] [Server thread/INFO]: [Essentials] Selected 1.20.4+ Damage Event Provider as the provider for DamageEventProvider
[15:58:15] [Server thread/INFO]: [Essentials] Selected Paper Biome Key Provider as the provider for BiomeKeyProvider
[15:58:15] [Server thread/INFO]: [Essentials] Selected Paper Serialization Provider as the provider for SerializationProvider
[15:58:15] [Server thread/INFO]: [Essentials] Selected 1.12.2+ Player Locale Provider as the provider for PlayerLocaleProvider
[15:58:15] [Server thread/INFO]: [Essentials] Loaded 43517 items from items.json.
[15:58:15] [Server thread/INFO]: [Essentials] Using locale en_US
[15:58:15] [Server thread/INFO]: [Essentials] ServerListPingEvent: Spigot iterator API
[15:58:15] [Server thread/INFO]: [Essentials] Starting Metrics. Opt-out using the global bStats config.
[15:58:15] [Server thread/INFO]: [Vault] [Economy] Essentials Economy hooked.
[15:58:15] [Server thread/INFO]: [Essentials] Using Vault based permissions (LuckPerms)
[15:58:15] [Server thread/INFO]: [WorldGuard] Enabling WorldGuard v7.0.13+82fdc65
[15:58:15] [Server thread/INFO]: [WorldGuard] (world) TNT ignition is PERMITTED.
[15:58:15] [Server thread/INFO]: [WorldGuard] (world) Lighters are PERMITTED.
[15:58:15] [Server thread/INFO]: [WorldGuard] (world) Lava fire is PERMITTED.
[15:58:15] [Server thread/INFO]: [WorldGuard] (world) Fire spread is UNRESTRICTED.
[15:58:15] [Server thread/INFO]: [WorldGuard] Loaded configuration for world 'world'
[15:58:15] [Server thread/INFO]: [WorldGuard] (world_nether) TNT ignition is PERMITTED.
[15:58:15] [Server thread/INFO]: [WorldGuard] (world_nether) Lighters are PERMITTED.
[15:58:15] [Server thread/INFO]: [WorldGuard] (world_nether) Lava fire is PERMITTED.
[15:58:15] [Server thread/INFO]: [WorldGuard] (world_nether) Fire spread is UNRESTRICTED.
[15:58:15] [Server thread/INFO]: [WorldGuard] Loaded configuration for world 'world_nether'
[15:58:15] [Server thread/INFO]: [WorldGuard] (world_the_end) TNT ignition is PERMITTED.
[15:58:15] [Server thread/INFO]: [WorldGuard] (world_the_end) Lighters are PERMITTED.
[15:58:15] [Server thread/INFO]: [WorldGuard] (world_the_end) Lava fire is PERMITTED.
[15:58:15] [Server thread/INFO]: [WorldGuard] (world_the_end) Fire spread is UNRESTRICTED.
[15:58:15] [Server thread/INFO]: [WorldGuard] Loaded configuration for world 'world_the_end'
[15:58:15] [Server thread/INFO]: [WorldGuard] Loading region data...
[15:58:15] [Server thread/INFO]: [SimpleTpa] Enabling SimpleTpa v7.6
[15:58:15] [Server thread/INFO]: [SimpleTpa] If you need support contact me at https://discord.gg/SZUkza9
[15:58:15] [Server thread/INFO]: [SimpleTpa] Simple Tpa has been enabled on version 7.6
[15:58:15] [Server thread/INFO]: Enabled metrics. You may opt-out by changing plugins/bStats/config.yml
[15:58:15] [Server thread/INFO]: [LoginSecurity] Enabling LoginSecurity v3.3.0
[15:58:15] [Server thread/INFO]: [LoginSecurity] Loading base translations from "en_us"
[15:58:15] [Server thread/INFO]: [LoginSecurity] Loading specified translations from "en_us"
[15:58:15] [Server thread/INFO]: [LoginSecurity] Registering commands...
[15:58:15] [Server thread/INFO]: [LoginSecurity] Registering listeners...
[15:58:15] [Server thread/INFO]: [LoginSecurity] Using 1.12+ map captcha renderer
[15:58:15] [Server thread/INFO]: [EconomyShopGUI] Enabling EconomyShopGUI v6.13.0
[15:58:15] [Server thread/INFO]: [EconomyShopGUI] [INFO]: Using lang-en.yml as language file.
[15:58:15] [Server thread/INFO]: [EconomyShopGUI] [INFO]: Completed loading 6 section configs from /sections/
[15:58:15] [Server thread/INFO]: [EconomyShopGUI] [INFO]: Completed loading 6 shop configs from /shops/
[15:58:15] [Server thread/INFO]: [EconomyShopGUI] [INFO]: Updating Shop settings...
[15:58:15] [Server thread/INFO]: [EconomyShopGUI] [INFO]: Successfully hooked into Vault and using EssentialsX Economy as economy provider
[15:58:15] [Server thread/INFO]: [EconomyShopGUI] [INFO]: Completed loading 1 economy provider(s) for all 4 shop sections.
[15:58:15] [Server thread/INFO]: [EconomyShopGUI] [INFO]: Using minecraft version 1.21.4...
[15:58:15] [Server thread/INFO]: [EconomyShopGUI] [INFO]: Spawner provider set to AUTO in config
[15:58:15] [Server thread/INFO]: [EconomyShopGUI] [INFO]: Automatically searching for compatible spawner provider....
[15:58:15] [Server thread/INFO]: [EconomyShopGUI] [INFO]: Failed to automatically find compatible spawner provider, using default...
[15:58:15] [Server thread/INFO]: [EconomyShopGUI] [INFO]: Debug mode is enabled.
[15:58:15] [Server thread/INFO]: [EconomyShopGUI] [INFO]: Loading all items...
[15:58:15] [Server thread/INFO]: [EconomyShopGUI] [WARN]: The place of shop Decoration in the main shop-inventory has automatically been changed to '0' because it was already used or could not be found.
[15:58:15] [Server thread/INFO]: [EconomyShopGUI] [INFO]: Initialized - Took 167ms to complete
[15:58:15] [Server thread/INFO]: CONSOLE: Reload complete.
[15:58:15] [Server thread/WARN]: Can't keep up! Is the server overloaded? Running 4521ms or 90 ticks behind
[15:58:15] [Craft Scheduler Thread - 13 - Essentials/INFO]: [Essentials] Fetching version information...
[15:58:16] [Server thread/INFO]: [Essentials] Essentials found a compatible payment resolution method: Vault Compatibility Layer (v1.7.3-b131)!
[15:58:16] [Craft Scheduler Thread - 14 - Vault/INFO]: [Vault] Checking for Updates ... 
[15:58:16] [Craft Scheduler Thread - 14 - Vault/INFO]: [Vault] No new version available
[15:58:21] [Server thread/INFO]: bonnie_donkis issued server command: /sethome a
[15:58:23] [Server thread/INFO]: bonnie_donkis issued server command: /home
[15:58:24] [Server thread/INFO]: bonnie_donkis issued server command: /home a
[15:58:26] [Server thread/INFO]: NavySeal10000 issued server command: /sellall inventory
[15:58:26] [Server thread/INFO]: Shop >> NavySeal10000 sold 4x Rotten Flesh(Crops.page1.items.16), 118x Sugar Cane(Crops.page1.items.6), 3x Raw Copper(Estrogen.page1.items.35), 1x Music Disc Cat(Decoration.page1.items.2), 2x Gunpowder(Crops.page1.items.17), 64x Oak Log(Blocks.page1.items.20), 623x Cobblestone(Blocks.page1.items.28), 23x Bone(Estrogen.page1.items.24), 1x Enchanted Golden Apple(Decoration.page1.items.34), 1x Name Tag(Estrogen.page1.items.4), 12x Diamond(Estrogen.page1.items.34), 149x Cobbled Deepslate(Blocks.page1.items.27), 2x Chest(Blocks.page1.items.41), 1x Music Disc Otherside(Decoration.page1.items.10), 1x Silence Armor Trim Smithing Template(Decoration.page1.items.25) for $1,254.37 with the sell all command.
[15:59:14] [Server thread/INFO]: bonnie_donkis issued server command: /home a
[15:59:15] [Server thread/INFO]: bonnie_donkis issued server command: /home a
[15:59:18] [Server thread/INFO]: bonnie_donkis issued server command: /deop bonnie_donkis
[15:59:18] [Server thread/INFO]: [bonnie_donkis: Made bonnie_donkis no longer a server operator]
[15:59:22] [Server thread/INFO]: bonnie_donkis issued server command: /home a
[15:59:23] [Server thread/INFO]: bonnie_donkis issued server command: /home a
[16:00:01] [Server thread/INFO]: bonnie_donkis issued server command: /home a
[16:00:03] [Server thread/INFO]: bonnie_donkis issued server command: /reload
[16:00:07] [Server thread/INFO]: CONSOLE: Please note that this command is not supported and may cause issues when using some plugins.
[16:00:07] [Server thread/INFO]: CONSOLE: If you encounter any issues please use the /stop command to restart your server.
[16:00:07] [Server thread/INFO]: Using 4 threads for Netty based IO
[16:00:07] [Server thread/INFO]: Server Ping Player Sample Count: 12
[16:00:07] [Server thread/INFO]: [MoonriseCommon] Paper is using 4 worker threads, 1 I/O threads
[16:00:07] [Server thread/INFO]: [ChunkTaskScheduler] Chunk system is using population gen parallelism: true
[16:00:07] [Server thread/INFO]: [EconomyShopGUI] Disabling EconomyShopGUI v6.13.0
[16:00:07] [Server thread/INFO]: [LoginSecurity] Disabling LoginSecurity v3.3.0
[16:00:07] [Server thread/INFO]: [LoginSecurity] Waiting for queued tasks...
[16:00:07] [Server thread/INFO]: [LoginSecurity] ExecutorService shut down, ready to disable.
[16:00:07] [Server thread/INFO]: [SimpleTpa] Disabling SimpleTpa v7.6
[16:00:07] [Server thread/INFO]: [SimpleTpa] If you need support contact me at https://discord.gg/SZUkza9
[16:00:07] [Server thread/INFO]: [SimpleTpa] Simple Tpa has been disabled on version 7.6
[16:00:07] [Server thread/INFO]: [SkinsRestorer] Disabling SkinsRestorer v15.6.5
[16:00:07] [Server thread/INFO]: [WorldGuard] Disabling WorldGuard v7.0.13+82fdc65
[16:00:07] [Server thread/INFO]: [WorldGuard] Shutting down executor and cancelling any pending tasks...
[16:00:07] [Server thread/INFO]: [Essentials] Disabling Essentials v2.21.1
[16:00:07] [Server thread/INFO]: [Vault] [Economy] Essentials Economy unhooked.
[16:00:07] [Server thread/ERROR]: [Essentials] There's a good chance you're reloading your server right now. If that's the case, why do you hate yourself? Expect no support from the EssentialsX team when using /reload.
[16:00:07] [Server thread/INFO]: [WorldEdit] Disabling WorldEdit v7.3.14+7149-8bea01b
[16:00:07] [Server thread/INFO]: Unregistering com.sk89q.worldedit.bukkit.BukkitServerInterface from WorldEdit
[16:00:07] [Server thread/INFO]: [Vault] Disabling Vault v1.7.3-b131
[16:00:07] [Server thread/INFO]: [LuckPerms] Disabling LuckPerms v5.5.2
[16:00:07] [Server thread/INFO]: [LuckPerms] Starting shutdown process...
[16:00:07] [Server thread/INFO]: [LuckPerms] Closing storage...
[16:00:07] [Server thread/INFO]: [LuckPerms] Goodbye!
[16:00:07] [Server thread/INFO]: Loaded 1370 recipes
[16:00:07] [Server thread/INFO]: Loaded 1481 advancements
[16:00:07] [Server thread/INFO]: [PluginInitializerManager] Initializing plugins...
[16:00:07] [Paper Async Command Builder Thread Pool - 1/ERROR]: Caught previously unhandled exception :
[16:00:07] [Paper Async Command Builder Thread Pool - 0/ERROR]: Caught previously unhandled exception :
[16:00:07] [Paper Async Command Builder Thread Pool - 0/ERROR]: Paper Async Command Builder Thread Pool - 0
java.util.ConcurrentModificationException: null
	at java.base/java.util.LinkedHashMap$LinkedHashIterator.nextNode(LinkedHashMap.java:1023) ~[?:?]
	at java.base/java.util.LinkedHashMap$LinkedEntryIterator.next(LinkedHashMap.java:1058) ~[?:?]
	at java.base/java.util.LinkedHashMap$LinkedEntryIterator.next(LinkedHashMap.java:1055) ~[?:?]
	at java.base/java.util.AbstractMap.hashCode(AbstractMap.java:527) ~[?:?]
	at com.mojang.brigadier.tree.CommandNode.hashCode(CommandNode.java:155) ~[paper-1.21.4.jar:1.21.4-231-09e9afd]
	at java.base/java.util.HashMap.hash(HashMap.java:338) ~[?:?]
	at java.base/java.util.HashMap.put(HashMap.java:618) ~[?:?]
	at net.minecraft.commands.Commands.sendAsync(Commands.java:489) ~[paper-1.21.4.jar:1.21.4-231-09e9afd]
	at net.minecraft.commands.Commands.lambda$sendCommands$6(Commands.java:471) ~[paper-1.21.4.jar:1.21.4-231-09e9afd]
	at java.base/java.util.concurrent.ThreadPoolExecutor.runWorker(ThreadPoolExecutor.java:1144) ~[?:?]
	at java.base/java.util.concurrent.ThreadPoolExecutor$Worker.run(ThreadPoolExecutor.java:642) ~[?:?]
	at java.base/java.lang.Thread.run(Thread.java:1583) ~[?:?]
[16:00:07] [Paper Async Command Builder Thread Pool - 1/ERROR]: Paper Async Command Builder Thread Pool - 1
java.util.ConcurrentModificationException: null
	at java.base/java.util.LinkedHashMap$LinkedHashIterator.nextNode(LinkedHashMap.java:1023) ~[?:?]
	at java.base/java.util.LinkedHashMap$LinkedEntryIterator.next(LinkedHashMap.java:1058) ~[?:?]
	at java.base/java.util.LinkedHashMap$LinkedEntryIterator.next(LinkedHashMap.java:1055) ~[?:?]
	at java.base/java.util.AbstractMap.hashCode(AbstractMap.java:527) ~[?:?]
	at com.mojang.brigadier.tree.CommandNode.hashCode(CommandNode.java:155) ~[paper-1.21.4.jar:1.21.4-231-09e9afd]
	at java.base/java.util.HashMap.hash(HashMap.java:338) ~[?:?]
	at java.base/java.util.HashMap.put(HashMap.java:618) ~[?:?]
	at net.minecraft.commands.Commands.sendAsync(Commands.java:489) ~[paper-1.21.4.jar:1.21.4-231-09e9afd]
	at net.minecraft.commands.Commands.lambda$sendCommands$6(Commands.java:471) ~[paper-1.21.4.jar:1.21.4-231-09e9afd]
	at java.base/java.util.concurrent.ThreadPoolExecutor.runWorker(ThreadPoolExecutor.java:1144) ~[?:?]
	at java.base/java.util.concurrent.ThreadPoolExecutor$Worker.run(ThreadPoolExecutor.java:642) ~[?:?]
	at java.base/java.lang.Thread.run(Thread.java:1583) ~[?:?]
[16:00:07] [Server thread/INFO]: [PluginInitializerManager] Initialized 9 plugins
[16:00:07] [Server thread/INFO]: [PluginInitializerManager] Paper plugins (1):
 - EconomyShopGUI (6.13.0)
[16:00:07] [Server thread/INFO]: [PluginInitializerManager] Bukkit plugins (8):
 - Essentials (2.21.1), LoginSecurity (3.3.0), LuckPerms (5.5.2), SimpleTpa (7.6), SkinsRestorer (15.6.5), Vault (1.7.3-b131), WorldEdit (7.3.14+7149-8bea01b), WorldGuard (7.0.13+82fdc65)
[16:00:07] [Server thread/WARN]: [PluginInitializerManager] ======== WARNING ========
[16:00:07] [Server thread/WARN]: [PluginInitializerManager] You are reloading while having Paper plugins installed on your server.
[16:00:07] [Server thread/WARN]: [PluginInitializerManager] Paper plugins do NOT support being reloaded. This will cause some unexpected issues.
[16:00:07] [Server thread/WARN]: [PluginInitializerManager] =========================
[16:00:08] [Server thread/INFO]: [LuckPerms] Loading server plugin LuckPerms v5.5.2
[16:00:08] [Server thread/INFO]: [Vault] Loading server plugin Vault v1.7.3-b131
[16:00:08] [Server thread/INFO]: [WorldEdit] Loading server plugin WorldEdit v7.3.14+7149-8bea01b
[16:00:08] [Server thread/INFO]: Got request to register class com.sk89q.worldedit.bukkit.BukkitServerInterface with WorldEdit [com.sk89q.worldedit.extension.platform.PlatformManager@43e0732c]
[16:00:08] [Server thread/INFO]: [Essentials] Loading server plugin Essentials v2.21.1
[16:00:08] [Server thread/INFO]: [WorldGuard] Loading server plugin WorldGuard v7.0.13+82fdc65
[16:00:08] [Server thread/INFO]: [SkinsRestorer] Loading server plugin SkinsRestorer v15.6.5
[16:00:08] [Server thread/INFO]: [SimpleTpa] Loading server plugin SimpleTpa v7.6
[16:00:08] [Server thread/INFO]: [LoginSecurity] Loading server plugin LoginSecurity v3.3.0
[16:00:08] [Server thread/INFO]: [EconomyShopGUI] Loading server plugin EconomyShopGUI v6.13.0
[16:00:08] [Server thread/INFO]: Server permissions file permissions.yml is empty, ignoring it
[16:00:08] [Server thread/INFO]: [LuckPerms] Enabling LuckPerms v5.5.2
[16:00:08] [Server thread/INFO]:         __    
[16:00:08] [Server thread/INFO]:   |    |__)   LuckPerms v5.5.2
[16:00:08] [Server thread/INFO]:   |___ |      Running on Bukkit - Paper
[16:00:08] [Server thread/INFO]: 
[16:00:08] [Server thread/INFO]: [LuckPerms] Loading configuration...
[16:00:08] [Server thread/INFO]: [LuckPerms] Loading storage provider... [H2]
[16:00:08] [Server thread/INFO]: [LuckPerms] Loading internal permission managers...
[16:00:08] [Server thread/INFO]: [LuckPerms] Performing initial data load...
[16:00:08] [Server thread/INFO]: [LuckPerms] Successfully enabled. (took 520ms)
[16:00:08] [Server thread/INFO]: [Vault] Enabling Vault v1.7.3-b131
[16:00:09] [Server thread/INFO]: [Vault] [Economy] Essentials Economy found: Waiting
[16:00:09] [Server thread/INFO]: [Vault] [Permission] SuperPermissions loaded as backup permission system.
[16:00:09] [Server thread/INFO]: [Vault] Enabled Version 1.7.3-b131
[16:00:09] [Server thread/INFO]: [LuckPerms] Registered Vault permission & chat hook.
[16:00:09] [Server thread/INFO]: [WorldEdit] Enabling WorldEdit v7.3.14+7149-8bea01b
[16:00:09] [Server thread/INFO]: Registering commands with com.sk89q.worldedit.bukkit.BukkitServerInterface
[16:00:09] [Server thread/INFO]: WEPIF: Vault detected! Using Vault for permissions
[16:00:09] [Server thread/WARN]: [WorldEdit] Server reload detected. This may cause various issues with WorldEdit and dependent plugins.
[16:00:09] [Server thread/INFO]: Using com.sk89q.worldedit.bukkit.adapter.impl.v1_21_4.PaperweightAdapter as the Bukkit adapter
[16:00:09] [Server thread/INFO]: [SkinsRestorer] Enabling SkinsRestorer v15.6.5
[16:00:09] [Server thread/ERROR]: [SkinsRestorer] SkinsRestorer was already loaded in this JVM. You must've used a plugin like PlugMan to reload it. This is not supported and will cause issues with the plugin! Please restart your server to reload the plugin properly.
[16:00:09] [Server thread/INFO]: [SkinsRestorer] Running on Minecraft 1.21.4.
[16:00:10] [Server thread/INFO]: [SkinsRestorer] Using paper join listener!
[16:00:10] [Server thread/INFO]: [Essentials] Enabling Essentials v2.21.1
[16:00:10] [Server thread/ERROR]: [Essentials] You are running an unsupported server version!
[16:00:10] [Server thread/INFO]: [Essentials] Attempting to convert old kits in config.yml to new kits.yml
[16:00:10] [Server thread/INFO]: [Essentials] No kits found to migrate.
[16:00:10] [Folia Async Scheduler Thread #6/INFO]: [SkinsRestorer] ----------------------------------------------
[16:00:10] [Folia Async Scheduler Thread #6/INFO]: [SkinsRestorer]     +==================+
[16:00:10] [Folia Async Scheduler Thread #6/INFO]: [SkinsRestorer]     |   SkinsRestorer  |
[16:00:10] [Folia Async Scheduler Thread #6/INFO]: [SkinsRestorer]     |------------------|
[16:00:10] [Folia Async Scheduler Thread #6/INFO]: [SkinsRestorer]     |  Standalone Mode |
[16:00:10] [Folia Async Scheduler Thread #6/INFO]: [SkinsRestorer]     +==================+
[16:00:10] [Folia Async Scheduler Thread #6/INFO]: [SkinsRestorer] ----------------------------------------------
[16:00:10] [Folia Async Scheduler Thread #6/INFO]: [SkinsRestorer]     Version: 15.6.5
[16:00:10] [Folia Async Scheduler Thread #6/INFO]: [SkinsRestorer]     Commit: f8c262a
[16:00:10] [Folia Async Scheduler Thread #6/INFO]: [SkinsRestorer]     This is the latest version!
[16:00:10] [Folia Async Scheduler Thread #6/INFO]: [SkinsRestorer] ----------------------------------------------
[16:00:10] [Folia Async Scheduler Thread #6/INFO]: [SkinsRestorer] Do you have issues? Read our troubleshooting guide: https://skinsrestorer.net/docs/troubleshooting
[16:00:10] [Folia Async Scheduler Thread #6/INFO]: [SkinsRestorer] Want to support SkinsRestorer? Consider donating: https://skinsrestorer.net/donate
[16:00:10] [Server thread/INFO]: [Essentials] Selected 1.14.4+ Persistent Data Container Provider as the provider for PersistentDataProvider
[16:00:10] [Server thread/INFO]: [Essentials] Selected 1.8.3+ Spawner Item Provider as the provider for SpawnerItemProvider
[16:00:10] [Server thread/INFO]: [Essentials] Selected Paper Tick Count Provider as the provider for TickCountProvider
[16:00:10] [Server thread/INFO]: [Essentials] Selected 1.12.2+ Player Locale Provider as the provider for PlayerLocaleProvider
[16:00:10] [Server thread/INFO]: [Essentials] Selected Paper Known Commands Provider as the provider for KnownCommandsProvider
[16:00:10] [Server thread/INFO]: [Essentials] Selected 1.17.1+ World Info Provider as the provider for WorldInfoProvider
[16:00:10] [Server thread/INFO]: [Essentials] Selected Paper Material Tag Provider as the provider for MaterialTagProvider
[16:00:10] [Server thread/INFO]: [Essentials] Selected 1.21.4+ Sync Commands Provider as the provider for SyncCommandsProvider
[16:00:10] [Server thread/INFO]: [Essentials] Selected 1.13+ Spawn Egg Provider as the provider for SpawnEggProvider
[16:00:10] [Server thread/INFO]: [Essentials] Selected 1.20.4+ Damage Event Provider as the provider for DamageEventProvider
[16:00:10] [Server thread/INFO]: [Essentials] Selected Reflection Online Mode Provider as the provider for OnlineModeProvider
[16:00:10] [Server thread/INFO]: [Essentials] Selected 1.12+ Spawner Block Provider as the provider for SpawnerBlockProvider
[16:00:10] [Server thread/INFO]: [Essentials] Selected Paper Biome Key Provider as the provider for BiomeKeyProvider
[16:00:10] [Server thread/INFO]: [Essentials] Selected Paper Container Provider as the provider for ContainerProvider
[16:00:10] [Server thread/INFO]: [Essentials] Selected Paper Server State Provider as the provider for ServerStateProvider
[16:00:10] [Server thread/INFO]: [Essentials] Selected 1.20.5+ Banner Data Provider as the provider for BannerDataProvider
[16:00:10] [Server thread/INFO]: [Essentials] Selected 1.21+ InventoryView Interface ABI Provider as the provider for InventoryViewProvider
[16:00:10] [Server thread/INFO]: [Essentials] Selected 1.20.6+ Potion Meta Provider as the provider for PotionMetaProvider
[16:00:10] [Server thread/INFO]: [Essentials] Selected 1.14+ Sign Data Provider as the provider for SignDataProvider
[16:00:10] [Server thread/INFO]: [Essentials] Selected Paper Serialization Provider as the provider for SerializationProvider
[16:00:10] [Server thread/INFO]: [Essentials] Selected Reflection Formatted Command Alias Provider as the provider for FormattedCommandAliasProvider
[16:00:10] [Server thread/INFO]: [Essentials] Selected 1.11+ Item Unbreakable Provider as the provider for ItemUnbreakableProvider
[16:00:10] [Server thread/INFO]: [Essentials] Loaded 43517 items from items.json.
[16:00:10] [Server thread/INFO]: [Essentials] Using locale en_US
[16:00:10] [Server thread/INFO]: [Essentials] ServerListPingEvent: Spigot iterator API
[16:00:10] [Server thread/INFO]: [Essentials] Starting Metrics. Opt-out using the global bStats config.
[16:00:10] [Server thread/INFO]: [Vault] [Economy] Essentials Economy hooked.
[16:00:10] [Server thread/INFO]: [Essentials] Using Vault based permissions (LuckPerms)
[16:00:10] [Server thread/INFO]: [WorldGuard] Enabling WorldGuard v7.0.13+82fdc65
[16:00:10] [Server thread/INFO]: [WorldGuard] (world) TNT ignition is PERMITTED.
[16:00:10] [Server thread/INFO]: [WorldGuard] (world) Lighters are PERMITTED.
[16:00:10] [Server thread/INFO]: [WorldGuard] (world) Lava fire is PERMITTED.
[16:00:10] [Server thread/INFO]: [WorldGuard] (world) Fire spread is UNRESTRICTED.
[16:00:10] [Server thread/INFO]: [WorldGuard] Loaded configuration for world 'world'
[16:00:10] [Server thread/INFO]: [WorldGuard] (world_nether) TNT ignition is PERMITTED.
[16:00:10] [Server thread/INFO]: [WorldGuard] (world_nether) Lighters are PERMITTED.
[16:00:10] [Server thread/INFO]: [WorldGuard] (world_nether) Lava fire is PERMITTED.
[16:00:10] [Server thread/INFO]: [WorldGuard] (world_nether) Fire spread is UNRESTRICTED.
[16:00:10] [Server thread/INFO]: [WorldGuard] Loaded configuration for world 'world_nether'
[16:00:10] [Server thread/INFO]: [WorldGuard] (world_the_end) TNT ignition is PERMITTED.
[16:00:10] [Server thread/INFO]: [WorldGuard] (world_the_end) Lighters are PERMITTED.
[16:00:10] [Server thread/INFO]: [WorldGuard] (world_the_end) Lava fire is PERMITTED.
[16:00:10] [Server thread/INFO]: [WorldGuard] (world_the_end) Fire spread is UNRESTRICTED.
[16:00:10] [Server thread/INFO]: [WorldGuard] Loaded configuration for world 'world_the_end'
[16:00:10] [Server thread/INFO]: [WorldGuard] Loading region data...
[16:00:10] [Server thread/INFO]: [SimpleTpa] Enabling SimpleTpa v7.6
[16:00:10] [Server thread/INFO]: [SimpleTpa] If you need support contact me at https://discord.gg/SZUkza9
[16:00:10] [Server thread/INFO]: [SimpleTpa] Simple Tpa has been enabled on version 7.6
[16:00:10] [Server thread/INFO]: Enabled metrics. You may opt-out by changing plugins/bStats/config.yml
[16:00:10] [Server thread/INFO]: [LoginSecurity] Enabling LoginSecurity v3.3.0
[16:00:10] [Server thread/INFO]: [LoginSecurity] Loading base translations from "en_us"
[16:00:10] [Server thread/INFO]: [LoginSecurity] Loading specified translations from "en_us"
[16:00:10] [Server thread/INFO]: [LoginSecurity] Registering commands...
[16:00:10] [Server thread/INFO]: [LoginSecurity] Registering listeners...
[16:00:10] [Server thread/INFO]: [LoginSecurity] Using 1.12+ map captcha renderer
[16:00:10] [Server thread/INFO]: [EconomyShopGUI] Enabling EconomyShopGUI v6.13.0
[16:00:10] [Server thread/INFO]: [EconomyShopGUI] [INFO]: Using lang-en.yml as language file.
[16:00:10] [Server thread/INFO]: [EconomyShopGUI] [INFO]: Completed loading 6 section configs from /sections/
[16:00:10] [Server thread/INFO]: [EconomyShopGUI] [INFO]: Completed loading 6 shop configs from /shops/
[16:00:10] [Server thread/INFO]: [EconomyShopGUI] [INFO]: Updating Shop settings...
[16:00:10] [Server thread/INFO]: [EconomyShopGUI] [INFO]: Successfully hooked into Vault and using EssentialsX Economy as economy provider
[16:00:10] [Server thread/INFO]: [EconomyShopGUI] [INFO]: Completed loading 1 economy provider(s) for all 4 shop sections.
[16:00:10] [Server thread/INFO]: [EconomyShopGUI] [INFO]: Using minecraft version 1.21.4...
[16:00:10] [Server thread/INFO]: [EconomyShopGUI] [INFO]: Spawner provider set to AUTO in config
[16:00:10] [Server thread/INFO]: [EconomyShopGUI] [INFO]: Automatically searching for compatible spawner provider....
[16:00:10] [Server thread/INFO]: [EconomyShopGUI] [INFO]: Failed to automatically find compatible spawner provider, using default...
[16:00:10] [Server thread/INFO]: [EconomyShopGUI] [INFO]: Debug mode is enabled.
[16:00:10] [Server thread/INFO]: [EconomyShopGUI] [INFO]: Loading all items...
[16:00:10] [Server thread/INFO]: [EconomyShopGUI] [WARN]: The place of shop Decoration in the main shop-inventory has automatically been changed to '0' because it was already used or could not be found.
[16:00:10] [Server thread/INFO]: [EconomyShopGUI] [INFO]: Initialized - Took 114ms to complete
[16:00:10] [Server thread/INFO]: CONSOLE: Reload complete.
[16:00:10] [Server thread/WARN]: Can't keep up! Is the server overloaded? Running 3466ms or 69 ticks behind
[16:00:10] [Craft Scheduler Thread - 21 - Essentials/INFO]: [Essentials] Fetching version information...
[16:00:10] [Server thread/INFO]: [Essentials] Essentials found a compatible payment resolution method: Vault Compatibility Layer (v1.7.3-b131)!
[16:00:11] [Craft Scheduler Thread - 25 - Vault/INFO]: [Vault] Checking for Updates ... 
[16:00:11] [Craft Scheduler Thread - 25 - Vault/INFO]: [Vault] No new version available
[16:00:19] [Server thread/INFO]: bonnie_donkis issued server command: /home a
[16:00:48] [Server thread/INFO]: bonnie_donkis issued server command: /gms
[16:00:48] [Server thread/INFO]: [Essentials] bonnie_donkis was denied access to command.
[16:00:59] [Server thread/INFO]: Made bonnie_donkis a server operator
[16:01:01] [Server thread/INFO]: bonnie_donkis issued server command: /gms
[16:01:37] [User Authenticator #2/INFO]: UUID of player AmeliNyah is c9f3455c-67ba-32e4-bfa7-7986ba426052
[16:01:37] [Server thread/INFO]: [EconomyShopGUI] [DEBUG]: Detected skin change of AmeliNyah, updating cached skin...
[16:01:37] [Server thread/INFO]: AmeliNyah[/2.242.29.13:57251] logged in with entity id 5105 at ([world]-3442416.7276991946, 64.0, -333578.63323665)
[16:01:37] [Server thread/INFO]: AmeliNyah joined the server!
[16:01:42] [Async Chat Thread - #0/INFO]: [Not Secure] <mwyi> Hai
[16:01:53] [Server thread/INFO]: mwyi issued server command: /ec AmeliNyah
[16:01:56] [User Authenticator #2/INFO]: UUID of player Alasadg is 18d3fd68-4225-3fb1-b67c-41514ed8e438
[16:01:57] [Server thread/INFO]: Alasadg[/91.191.15.8:39195] logged in with entity id 5332 at ([world]6.5, 64.0, -4.5)
[16:01:57] [Server thread/INFO]: Alasadg joined the server!
[16:01:58] [Async Chat Thread - #0/INFO]: [Not Secure] <mwyi> AmeliNyah
[16:02:01] [Async Chat Thread - #0/INFO]: [Not Secure] <mwyi> i put some stuff in ur enderchest
[16:02:05] [Async Chat Thread - #0/INFO]: [Not Secure] <mwyi> ur most important stuff
[16:02:05] [Async Chat Thread - #0/INFO]: [Not Secure] <AmeliNyah> oh
[16:02:11] [Server thread/INFO]: bonnie_donkis issued server command: /gmc
[16:02:13] [Server thread/INFO]: bonnie_donkis issued server command: /tp AmeliNyah
[16:02:18] [Async Chat Thread - #0/INFO]: [Not Secure] <bonnie_donkis> ur 3 mill blocks out
[16:02:18] [Server thread/INFO]: mwyi issued server command: /minecraft:tp mwyi 0 80 0
[16:02:18] [Server thread/INFO]: [mwyi: Teleported mwyi to 0.500000, 80.000000, 0.500000]
[16:02:21] [Async Chat Thread - #0/INFO]: [Not Secure] <bonnie_donkis> u need to grab ur stuff and move it
[16:02:22] [Server thread/INFO]: Alasadg issued server command: /rtp
[16:02:25] [Server thread/INFO]: Alasadg issued server command: /enderchest
[16:02:26] [Server thread/INFO]: NavySeal10000 issued server command: /enderchest
[16:02:26] [Server thread/INFO]: AmeliNyah was slain by Zombie
[16:02:27] [Async Chat Thread - #0/INFO]: [Not Secure] <bonnie_donkis> the worldborder will be at 10k
[16:02:31] [Server thread/INFO]: mwyi issued server command: /gamerule keepInventory
[16:02:33] [Server thread/INFO]: mwyi issued server command: /gamerule keepInventory true
[16:02:33] [Server thread/INFO]: [mwyi: Gamerule keepInventory is now set to: true]
[16:02:40] [Server thread/INFO]: mwyi issued server command: /invsee AmeliNyah
[16:02:48] [Server thread/INFO]: mwyi issued server command: /tp AmeliNyah mwyi
[16:02:52] [Async Chat Thread - #0/INFO]: [Not Secure] <mwyi> ok ur cat is here
[16:02:54] [Server thread/INFO]: mwyi issued server command: /day
[16:02:55] [Server thread/INFO]: AmeliNyah was slain by Zombie
[16:02:55] [Server thread/INFO]: mwyi issued server command: /heal AmeliNyah
[16:03:03] [Server thread/INFO]: mwyi issued server command: /heal AmeliNyah
[16:03:03] [Server thread/INFO]: mwyi issued server command: /heal AmeliNyah
[16:03:03] [Server thread/INFO]: mwyi issued server command: /heal AmeliNyah
[16:03:04] [Server thread/INFO]: NavySeal10000 issued server command: /enderchest
[16:03:08] [Async Chat Thread - #0/INFO]: [Not Secure] <AmeliNyah> YOU ALL HAVE CANCER
[16:03:08] [Async Chat Thread - #0/INFO]: [Not Secure] <mwyi> bro
[16:03:11] [Server thread/INFO]: AmeliNyah was slain by Zombie
[16:03:12] [Server thread/INFO]: mwyi issued server command: /godmode AmeliNyah
[16:03:16] [Server thread/INFO]: mwyi issued server command: /tp AmeliNyah mwyi
[16:03:18] [Async Chat Thread - #0/INFO]: [Not Secure] <bonnie_donkis> WHY ARE U DYING
[16:03:19] [Async Chat Thread - #0/INFO]: [Not Secure] <mwyi> ok
[16:03:20] [Async Chat Thread - #0/INFO]: [Not Secure] <bonnie_donkis> ITS MINECRAFT
[16:03:20] [Async Chat Thread - #0/INFO]: [Not Secure] <mwyi> ur cat is here now
[16:03:22] [Async Chat Thread - #0/INFO]: [Not Secure] <bonnie_donkis> HOW HARD IS IT
[16:03:23] [Async Chat Thread - #0/INFO]: [Not Secure] <bonnie_donkis> TO NOT DIE
[16:03:28] [Async Chat Thread - #0/INFO]: [Not Secure] <AmeliNyah> ok
[16:03:28] [Async Chat Thread - #0/INFO]: [Not Secure] <AmeliNyah> so
[16:03:34] [Async Chat Thread - #0/INFO]: [Not Secure] <AmeliNyah> why is all of this happening again?>
[16:03:39] [Async Chat Thread - #0/INFO]: [Not Secure] <bonnie_donkis> ok
[16:03:40] [Async Chat Thread - #0/INFO]: [Not Secure] <NavySeal10000> dinkis wants warfare
[16:03:42] [Async Chat Thread - #0/INFO]: [Not Secure] <bonnie_donkis> we cant have worldborder out 3mil
[16:03:43] [Async Chat Thread - #0/INFO]: [Not Secure] <mwyi> there is worldborder now
[16:03:45] [Async Chat Thread - #0/INFO]: [Not Secure] <bonnie_donkis> it have to be 20k by 20k
[16:03:47] [Async Chat Thread - #0/INFO]: [Not Secure] <mwyi> for social interaction
[16:03:49] [Async Chat Thread - #0/INFO]: [Not Secure] <mwyi> allegedly
[16:03:49] [Async Chat Thread - #0/INFO]: [Not Secure] <NavySeal10000> because war profiteer
[16:03:51] [Server thread/INFO]: bonnie_donkis issued server command: /home a
[16:03:51] [Server thread/WARN]: bonnie_donkis moved too quickly! 3443389.9363929904,-32.0,334184.2063787972
[16:03:52] [Async Chat Thread - #0/INFO]: [Not Secure] <AmeliNyah> what
[16:03:52] [Async Chat Thread - #0/INFO]: [Not Secure] <bonnie_donkis> amelia
[16:03:54] [Async Chat Thread - #0/INFO]: [Not Secure] <bonnie_donkis> do u need ur stuff
[16:03:55] [Async Chat Thread - #0/INFO]: [Not Secure] <bonnie_donkis> from ur base
[16:03:56] [Async Chat Thread - #0/INFO]: [Not Secure] <AmeliNyah> im not playing the game
[16:03:58] [Async Chat Thread - #0/INFO]: [Not Secure] <AmeliNyah> anymore
[16:03:59] [Async Chat Thread - #0/INFO]: [Not Secure] <AmeliNyah> tf
[16:04:10] [Server thread/INFO]: bonnie_donkis issued server command: /deop
[16:04:12] [Server thread/INFO]: NavySeal10000 issued server command: /ec
[16:04:13] [Server thread/INFO]: Alasadg issued server command: /ec
[16:04:15] [Server thread/INFO]: bonnie_donkis issued server command: /deop bonnie_donkis
[16:04:15] [Server thread/INFO]: [bonnie_donkis: Made bonnie_donkis no longer a server operator]
[16:04:16] [Server thread/INFO]: bonnie_donkis issued server command: /ec
[16:04:19] [Async Chat Thread - #0/INFO]: [Not Secure] <AmeliNyah> i play mc to chill and play it like animal crossing not to deal with rtds pvping or breaking my shit
[16:04:21] [Server thread/INFO]: mwyi issued server command: /op bonnie_donkis
[16:04:21] [Server thread/INFO]: [mwyi: Made bonnie_donkis a server operator]
[16:04:25] [Async Chat Thread - #0/INFO]: [Not Secure] <bonnie_donkis> no griefing is allowed
[16:04:32] [Async Chat Thread - #1/INFO]: [Not Secure] <AmeliNyah> if the world border is that small i cant be left alone
[16:04:34] [Async Chat Thread - #1/INFO]: [Not Secure] <AmeliNyah> so ion wanna
[16:04:38] [Async Chat Thread - #1/INFO]: [Not Secure] <bonnie_donkis> ;w;
[16:04:52] [Async Chat Thread - #1/INFO]: [Not Secure] <AmeliNyah> its like highkey cringe
[16:04:54] [Server thread/INFO]: AmeliNyah lost connection: Disconnected
[16:04:54] [Server thread/INFO]: AmeliNyah left the server.
[16:05:29] [Server thread/INFO]: bonnie_donkis issued server command: /worldborder set 20000
[16:05:29] [Server thread/INFO]: [bonnie_donkis: Set the world border to 20000.0 block(s) wide]
[16:05:38] [Server thread/INFO]: bonnie_donkis issued server command: /gms
[16:05:46] [Async Chat Thread - #1/INFO]: [Not Secure] <bonnie_donkis> NO GRIEFING
[16:05:51] [Server thread/INFO]: mwyi issued server command: /rules
[16:05:55] [Server thread/INFO]: bonnie_donkis issued server command: /rules
[16:06:27] [Server thread/INFO]: bonnie_donkis issued server command: /rules
[16:06:29] [Server thread/INFO]: NavySeal10000 issued server command: /rules
[16:06:29] [Server thread/INFO]: [Essentials] NavySeal10000 was denied access to command.
[16:06:37] [Server thread/INFO]: mwyi issued server command: /lp editor
[16:06:52] [luckperms-worker-7/INFO]: [LP] LOG > (mwyi) [G] (default)
[16:06:52] [luckperms-worker-7/INFO]: [LP] LOG > webeditor add essentials.rules true
[16:07:01] [Server thread/INFO]: NavySeal10000 issued server command: /rules
[16:07:03] [Server thread/INFO]: Alasadg issued server command: /rules
[16:09:47] [Async Chat Thread - #2/INFO]: [Not Secure] <Alasadg> >~<
[16:10:17] [Server thread/INFO]: CONSOLE: Are you sure you wish to reload your server? Doing so may cause bugs and memory leaks. It is recommended to restart instead of using /reload. To confirm, please type /reload confirm
[16:10:20] [Server thread/INFO]: CONSOLE: Please note that this command is not supported and may cause issues when using some plugins.
[16:10:20] [Server thread/INFO]: CONSOLE: If you encounter any issues please use the /stop command to restart your server.
[16:10:20] [Server thread/INFO]: Using 4 threads for Netty based IO
[16:10:20] [Server thread/INFO]: Server Ping Player Sample Count: 12
[16:10:20] [Server thread/INFO]: [MoonriseCommon] Paper is using 4 worker threads, 1 I/O threads
[16:10:20] [Server thread/INFO]: [ChunkTaskScheduler] Chunk system is using population gen parallelism: true
[16:10:20] [Server thread/INFO]: [EconomyShopGUI] Disabling EconomyShopGUI v6.13.0
[16:10:20] [Server thread/INFO]: [LoginSecurity] Disabling LoginSecurity v3.3.0
[16:10:20] [Server thread/INFO]: [LoginSecurity] Waiting for queued tasks...
[16:10:20] [Server thread/INFO]: [LoginSecurity] ExecutorService shut down, ready to disable.
[16:10:20] [Server thread/INFO]: [SimpleTpa] Disabling SimpleTpa v7.6
[16:10:20] [Server thread/INFO]: [SimpleTpa] If you need support contact me at https://discord.gg/SZUkza9
[16:10:20] [Server thread/INFO]: [SimpleTpa] Simple Tpa has been disabled on version 7.6
[16:10:20] [Server thread/INFO]: [SkinsRestorer] Disabling SkinsRestorer v15.6.5
[16:10:20] [Server thread/INFO]: [WorldGuard] Disabling WorldGuard v7.0.13+82fdc65
[16:10:20] [Server thread/INFO]: [WorldGuard] Shutting down executor and cancelling any pending tasks...
[16:10:20] [Server thread/INFO]: [Essentials] Disabling Essentials v2.21.1
[16:10:20] [Server thread/INFO]: [Vault] [Economy] Essentials Economy unhooked.
[16:10:20] [Server thread/ERROR]: [Essentials] There's a good chance you're reloading your server right now. If that's the case, why do you hate yourself? Expect no support from the EssentialsX team when using /reload.
[16:10:20] [Server thread/INFO]: [WorldEdit] Disabling WorldEdit v7.3.14+7149-8bea01b
[16:10:20] [Server thread/INFO]: Unregistering com.sk89q.worldedit.bukkit.BukkitServerInterface from WorldEdit
[16:10:20] [Server thread/INFO]: [Vault] Disabling Vault v1.7.3-b131
[16:10:20] [Server thread/INFO]: [LuckPerms] Disabling LuckPerms v5.5.2
[16:10:20] [Server thread/INFO]: [LuckPerms] Starting shutdown process...
[16:10:20] [Server thread/INFO]: [LuckPerms] Closing storage...
[16:10:20] [Server thread/INFO]: [LuckPerms] Goodbye!
[16:10:20] [Server thread/INFO]: Loaded 1370 recipes
[16:10:20] [Server thread/INFO]: Loaded 1481 advancements
[16:10:20] [Server thread/INFO]: [PluginInitializerManager] Initializing plugins...
[16:10:20] [Paper Async Command Builder Thread Pool - 2/ERROR]: Caught previously unhandled exception :
[16:10:20] [Paper Async Command Builder Thread Pool - 3/ERROR]: Caught previously unhandled exception :
[16:10:20] [Paper Async Command Builder Thread Pool - 3/ERROR]: Paper Async Command Builder Thread Pool - 3
java.util.ConcurrentModificationException: null
	at java.base/java.util.LinkedHashMap$LinkedHashIterator.nextNode(LinkedHashMap.java:1023) ~[?:?]
	at java.base/java.util.LinkedHashMap$LinkedEntryIterator.next(LinkedHashMap.java:1058) ~[?:?]
	at java.base/java.util.LinkedHashMap$LinkedEntryIterator.next(LinkedHashMap.java:1055) ~[?:?]
	at java.base/java.util.AbstractMap.hashCode(AbstractMap.java:527) ~[?:?]
	at com.mojang.brigadier.tree.CommandNode.hashCode(CommandNode.java:155) ~[paper-1.21.4.jar:1.21.4-231-09e9afd]
	at java.base/java.util.HashMap.hash(HashMap.java:338) ~[?:?]
	at java.base/java.util.HashMap.put(HashMap.java:618) ~[?:?]
	at net.minecraft.commands.Commands.sendAsync(Commands.java:489) ~[paper-1.21.4.jar:1.21.4-231-09e9afd]
	at net.minecraft.commands.Commands.lambda$sendCommands$6(Commands.java:471) ~[paper-1.21.4.jar:1.21.4-231-09e9afd]
	at java.base/java.util.concurrent.ThreadPoolExecutor.runWorker(ThreadPoolExecutor.java:1144) ~[?:?]
	at java.base/java.util.concurrent.ThreadPoolExecutor$Worker.run(ThreadPoolExecutor.java:642) ~[?:?]
	at java.base/java.lang.Thread.run(Thread.java:1583) ~[?:?]
[16:10:20] [Paper Async Command Builder Thread Pool - 2/ERROR]: Paper Async Command Builder Thread Pool - 2
java.util.ConcurrentModificationException: null
	at java.base/java.util.LinkedHashMap$LinkedHashIterator.nextNode(LinkedHashMap.java:1023) ~[?:?]
	at java.base/java.util.LinkedHashMap$LinkedEntryIterator.next(LinkedHashMap.java:1058) ~[?:?]
	at java.base/java.util.LinkedHashMap$LinkedEntryIterator.next(LinkedHashMap.java:1055) ~[?:?]
	at java.base/java.util.AbstractMap.hashCode(AbstractMap.java:527) ~[?:?]
	at com.mojang.brigadier.tree.CommandNode.hashCode(CommandNode.java:155) ~[paper-1.21.4.jar:1.21.4-231-09e9afd]
	at java.base/java.util.HashMap.hash(HashMap.java:338) ~[?:?]
	at java.base/java.util.HashMap.put(HashMap.java:618) ~[?:?]
	at net.minecraft.commands.Commands.sendAsync(Commands.java:489) ~[paper-1.21.4.jar:1.21.4-231-09e9afd]
	at net.minecraft.commands.Commands.lambda$sendCommands$6(Commands.java:471) ~[paper-1.21.4.jar:1.21.4-231-09e9afd]
	at java.base/java.util.concurrent.ThreadPoolExecutor.runWorker(ThreadPoolExecutor.java:1144) ~[?:?]
	at java.base/java.util.concurrent.ThreadPoolExecutor$Worker.run(ThreadPoolExecutor.java:642) ~[?:?]
	at java.base/java.lang.Thread.run(Thread.java:1583) ~[?:?]
[16:10:20] [Paper Plugin Remapper Thread - 1/INFO]: [PluginRemapper] Remapping plugin 'plugins\LandClaiming.jar'...
[16:10:20] [Paper Plugin Remapper Thread - 1/INFO]: [PluginRemapper] Done remapping plugin 'plugins\LandClaiming.jar' in 216ms.
[16:10:20] [Server thread/INFO]: [PluginInitializerManager] Initialized 10 plugins
[16:10:20] [Server thread/INFO]: [PluginInitializerManager] Paper plugins (1):
 - EconomyShopGUI (6.13.0)
[16:10:20] [Server thread/INFO]: [PluginInitializerManager] Bukkit plugins (9):
 - Essentials (2.21.1), LandClaiming (1.4.11), LoginSecurity (3.3.0), LuckPerms (5.5.2), SimpleTpa (7.6), SkinsRestorer (15.6.5), Vault (1.7.3-b131), WorldEdit (7.3.14+7149-8bea01b), WorldGuard (7.0.13+82fdc65)
[16:10:20] [Server thread/WARN]: [PluginInitializerManager] ======== WARNING ========
[16:10:20] [Server thread/WARN]: [PluginInitializerManager] You are reloading while having Paper plugins installed on your server.
[16:10:20] [Server thread/WARN]: [PluginInitializerManager] Paper plugins do NOT support being reloaded. This will cause some unexpected issues.
[16:10:20] [Server thread/WARN]: [PluginInitializerManager] =========================
[16:10:21] [Server thread/INFO]: [LuckPerms] Loading server plugin LuckPerms v5.5.2
[16:10:21] [Server thread/INFO]: [Vault] Loading server plugin Vault v1.7.3-b131
[16:10:21] [Server thread/INFO]: [WorldEdit] Loading server plugin WorldEdit v7.3.14+7149-8bea01b
[16:10:21] [Server thread/INFO]: Got request to register class com.sk89q.worldedit.bukkit.BukkitServerInterface with WorldEdit [com.sk89q.worldedit.extension.platform.PlatformManager@2bab6aac]
[16:10:21] [Server thread/INFO]: [Essentials] Loading server plugin Essentials v2.21.1
[16:10:21] [Server thread/INFO]: [WorldGuard] Loading server plugin WorldGuard v7.0.13+82fdc65
[16:10:21] [Server thread/INFO]: [SkinsRestorer] Loading server plugin SkinsRestorer v15.6.5
[16:10:21] [Server thread/INFO]: [SimpleTpa] Loading server plugin SimpleTpa v7.6
[16:10:21] [Server thread/INFO]: [LoginSecurity] Loading server plugin LoginSecurity v3.3.0
[16:10:21] [Server thread/INFO]: [LandClaiming] Loading server plugin LandClaiming v1.4.11
[16:10:21] [Server thread/INFO]: [EconomyShopGUI] Loading server plugin EconomyShopGUI v6.13.0
[16:10:21] [Server thread/INFO]: Server permissions file permissions.yml is empty, ignoring it
[16:10:21] [Server thread/INFO]: [LuckPerms] Enabling LuckPerms v5.5.2
[16:10:21] [Server thread/INFO]:         __    
[16:10:21] [Server thread/INFO]:   |    |__)   LuckPerms v5.5.2
[16:10:21] [Server thread/INFO]:   |___ |      Running on Bukkit - Paper
[16:10:21] [Server thread/INFO]: 
[16:10:21] [Server thread/INFO]: [LuckPerms] Loading configuration...
[16:10:21] [Server thread/INFO]: [LuckPerms] Loading storage provider... [H2]
[16:10:22] [Server thread/INFO]: [LuckPerms] Loading internal permission managers...
[16:10:22] [Server thread/INFO]: [LuckPerms] Performing initial data load...
[16:10:22] [Server thread/INFO]: [LuckPerms] Successfully enabled. (took 512ms)
[16:10:22] [Server thread/INFO]: [Vault] Enabling Vault v1.7.3-b131
[16:10:22] [Server thread/INFO]: [Vault] [Economy] Essentials Economy found: Waiting
[16:10:22] [Server thread/INFO]: [Vault] [Permission] SuperPermissions loaded as backup permission system.
[16:10:22] [Server thread/INFO]: [Vault] Enabled Version 1.7.3-b131
[16:10:22] [Server thread/INFO]: [LuckPerms] Registered Vault permission & chat hook.
[16:10:22] [Server thread/INFO]: [WorldEdit] Enabling WorldEdit v7.3.14+7149-8bea01b
[16:10:22] [Server thread/INFO]: Registering commands with com.sk89q.worldedit.bukkit.BukkitServerInterface
[16:10:22] [Server thread/INFO]: WEPIF: Vault detected! Using Vault for permissions
[16:10:22] [Server thread/WARN]: [WorldEdit] Server reload detected. This may cause various issues with WorldEdit and dependent plugins.
[16:10:22] [Server thread/INFO]: Using com.sk89q.worldedit.bukkit.adapter.impl.v1_21_4.PaperweightAdapter as the Bukkit adapter
[16:10:22] [Server thread/INFO]: [SkinsRestorer] Enabling SkinsRestorer v15.6.5
[16:10:22] [Server thread/ERROR]: [SkinsRestorer] SkinsRestorer was already loaded in this JVM. You must've used a plugin like PlugMan to reload it. This is not supported and will cause issues with the plugin! Please restart your server to reload the plugin properly.
[16:10:22] [Server thread/INFO]: [SkinsRestorer] Running on Minecraft 1.21.4.
[16:10:23] [Server thread/INFO]: [SkinsRestorer] Using paper join listener!
[16:10:23] [Server thread/INFO]: [Essentials] Enabling Essentials v2.21.1
[16:10:23] [Folia Async Scheduler Thread #7/INFO]: [SkinsRestorer] ----------------------------------------------
[16:10:23] [Folia Async Scheduler Thread #7/INFO]: [SkinsRestorer]     +==================+
[16:10:23] [Folia Async Scheduler Thread #7/INFO]: [SkinsRestorer]     |   SkinsRestorer  |
[16:10:23] [Folia Async Scheduler Thread #7/INFO]: [SkinsRestorer]     |------------------|
[16:10:23] [Folia Async Scheduler Thread #7/INFO]: [SkinsRestorer]     |  Standalone Mode |
[16:10:23] [Folia Async Scheduler Thread #7/INFO]: [SkinsRestorer]     +==================+
[16:10:23] [Folia Async Scheduler Thread #7/INFO]: [SkinsRestorer] ----------------------------------------------
[16:10:23] [Folia Async Scheduler Thread #7/INFO]: [SkinsRestorer]     Version: 15.6.5
[16:10:23] [Folia Async Scheduler Thread #7/INFO]: [SkinsRestorer]     Commit: f8c262a
[16:10:23] [Folia Async Scheduler Thread #7/INFO]: [SkinsRestorer]     This is the latest version!
[16:10:23] [Folia Async Scheduler Thread #7/INFO]: [SkinsRestorer] ----------------------------------------------
[16:10:23] [Folia Async Scheduler Thread #7/INFO]: [SkinsRestorer] Do you have issues? Read our troubleshooting guide: https://skinsrestorer.net/docs/troubleshooting
[16:10:23] [Folia Async Scheduler Thread #7/INFO]: [SkinsRestorer] Want to support SkinsRestorer? Consider donating: https://skinsrestorer.net/donate
[16:10:23] [Server thread/ERROR]: [Essentials] You are running an unsupported server version!
[16:10:23] [Server thread/INFO]: [Essentials] Attempting to convert old kits in config.yml to new kits.yml
[16:10:23] [Server thread/INFO]: [Essentials] No kits found to migrate.
[16:10:23] [Server thread/INFO]: [Essentials] Selected 1.11+ Item Unbreakable Provider as the provider for ItemUnbreakableProvider
[16:10:23] [Server thread/INFO]: [Essentials] Selected 1.17.1+ World Info Provider as the provider for WorldInfoProvider
[16:10:23] [Server thread/INFO]: [Essentials] Selected 1.20.6+ Potion Meta Provider as the provider for PotionMetaProvider
[16:10:23] [Server thread/INFO]: [Essentials] Selected 1.12+ Spawner Block Provider as the provider for SpawnerBlockProvider
[16:10:23] [Server thread/INFO]: [Essentials] Selected 1.20.5+ Banner Data Provider as the provider for BannerDataProvider
[16:10:23] [Server thread/INFO]: [Essentials] Selected 1.12.2+ Player Locale Provider as the provider for PlayerLocaleProvider
[16:10:23] [Server thread/INFO]: [Essentials] Selected Paper Known Commands Provider as the provider for KnownCommandsProvider
[16:10:23] [Server thread/INFO]: [Essentials] Selected 1.14+ Sign Data Provider as the provider for SignDataProvider
[16:10:23] [Server thread/INFO]: [Essentials] Selected Paper Tick Count Provider as the provider for TickCountProvider
[16:10:23] [Server thread/INFO]: [Essentials] Selected 1.14.4+ Persistent Data Container Provider as the provider for PersistentDataProvider
[16:10:23] [Server thread/INFO]: [Essentials] Selected 1.20.4+ Damage Event Provider as the provider for DamageEventProvider
[16:10:23] [Server thread/INFO]: [Essentials] Selected Paper Server State Provider as the provider for ServerStateProvider
[16:10:23] [Server thread/INFO]: [Essentials] Selected 1.21.4+ Sync Commands Provider as the provider for SyncCommandsProvider
[16:10:23] [Server thread/INFO]: [Essentials] Selected Paper Material Tag Provider as the provider for MaterialTagProvider
[16:10:23] [Server thread/INFO]: [Essentials] Selected Reflection Online Mode Provider as the provider for OnlineModeProvider
[16:10:23] [Server thread/INFO]: [Essentials] Selected 1.8.3+ Spawner Item Provider as the provider for SpawnerItemProvider
[16:10:23] [Server thread/INFO]: [Essentials] Selected 1.21+ InventoryView Interface ABI Provider as the provider for InventoryViewProvider
[16:10:23] [Server thread/INFO]: [Essentials] Selected Paper Biome Key Provider as the provider for BiomeKeyProvider
[16:10:23] [Server thread/INFO]: [Essentials] Selected 1.13+ Spawn Egg Provider as the provider for SpawnEggProvider
[16:10:23] [Server thread/INFO]: [Essentials] Selected Reflection Formatted Command Alias Provider as the provider for FormattedCommandAliasProvider
[16:10:23] [Server thread/INFO]: [Essentials] Selected Paper Serialization Provider as the provider for SerializationProvider
[16:10:23] [Server thread/INFO]: [Essentials] Selected Paper Container Provider as the provider for ContainerProvider
[16:10:23] [Server thread/INFO]: [Essentials] Loaded 43517 items from items.json.
[16:10:23] [Server thread/INFO]: [Essentials] Using locale en_US
[16:10:23] [Server thread/INFO]: [Essentials] ServerListPingEvent: Spigot iterator API
[16:10:23] [Server thread/INFO]: [Essentials] Starting Metrics. Opt-out using the global bStats config.
[16:10:23] [Server thread/INFO]: [Vault] [Economy] Essentials Economy hooked.
[16:10:23] [Server thread/INFO]: [Essentials] Using Vault based permissions (LuckPerms)
[16:10:23] [Server thread/INFO]: [WorldGuard] Enabling WorldGuard v7.0.13+82fdc65
[16:10:23] [Server thread/INFO]: [WorldGuard] (world) TNT ignition is PERMITTED.
[16:10:23] [Server thread/INFO]: [WorldGuard] (world) Lighters are PERMITTED.
[16:10:23] [Server thread/INFO]: [WorldGuard] (world) Lava fire is PERMITTED.
[16:10:23] [Server thread/INFO]: [WorldGuard] (world) Fire spread is UNRESTRICTED.
[16:10:23] [Server thread/INFO]: [WorldGuard] Loaded configuration for world 'world'
[16:10:23] [Server thread/INFO]: [WorldGuard] (world_nether) TNT ignition is PERMITTED.
[16:10:23] [Server thread/INFO]: [WorldGuard] (world_nether) Lighters are PERMITTED.
[16:10:23] [Server thread/INFO]: [WorldGuard] (world_nether) Lava fire is PERMITTED.
[16:10:23] [Server thread/INFO]: [WorldGuard] (world_nether) Fire spread is UNRESTRICTED.
[16:10:23] [Server thread/INFO]: [WorldGuard] Loaded configuration for world 'world_nether'
[16:10:23] [Server thread/INFO]: [WorldGuard] (world_the_end) TNT ignition is PERMITTED.
[16:10:23] [Server thread/INFO]: [WorldGuard] (world_the_end) Lighters are PERMITTED.
[16:10:23] [Server thread/INFO]: [WorldGuard] (world_the_end) Lava fire is PERMITTED.
[16:10:23] [Server thread/INFO]: [WorldGuard] (world_the_end) Fire spread is UNRESTRICTED.
[16:10:23] [Server thread/INFO]: [WorldGuard] Loaded configuration for world 'world_the_end'
[16:10:23] [Server thread/INFO]: [WorldGuard] Loading region data...
[16:10:23] [Server thread/INFO]: [SimpleTpa] Enabling SimpleTpa v7.6
[16:10:23] [Server thread/INFO]: [SimpleTpa] If you need support contact me at https://discord.gg/SZUkza9
[16:10:23] [Server thread/INFO]: [SimpleTpa] Simple Tpa has been enabled on version 7.6
[16:10:23] [Server thread/INFO]: Enabled metrics. You may opt-out by changing plugins/bStats/config.yml
[16:10:23] [Server thread/INFO]: [LoginSecurity] Enabling LoginSecurity v3.3.0
[16:10:23] [Server thread/INFO]: [LoginSecurity] Loading base translations from "en_us"
[16:10:23] [Server thread/INFO]: [LoginSecurity] Loading specified translations from "en_us"
[16:10:23] [Server thread/INFO]: [LoginSecurity] Registering commands...
[16:10:23] [Server thread/INFO]: [LoginSecurity] Registering listeners...
[16:10:23] [Server thread/INFO]: [LoginSecurity] Using 1.12+ map captcha renderer
[16:10:23] [Server thread/INFO]: [LandClaiming] Enabling LandClaiming v1.4.11
[16:10:23] [Server thread/ERROR]: [LandClaiming] Could not log to D:\Dinkis SMP\plugins\AUpdater\updater.log!
java.nio.file.NoSuchFileException: plugins\AUpdater\updater.log
	at java.base/sun.nio.fs.WindowsException.translateToIOException(WindowsException.java:85) ~[?:?]
	at java.base/sun.nio.fs.WindowsException.rethrowAsIOException(WindowsException.java:103) ~[?:?]
	at java.base/sun.nio.fs.WindowsException.rethrowAsIOException(WindowsException.java:108) ~[?:?]
	at java.base/sun.nio.fs.WindowsFileSystemProvider.newByteChannel(WindowsFileSystemProvider.java:234) ~[?:?]
	at java.base/java.nio.file.spi.FileSystemProvider.newOutputStream(FileSystemProvider.java:482) ~[?:?]
	at java.base/java.nio.file.Files.newOutputStream(Files.java:227) ~[?:?]
	at java.base/java.nio.file.Files.write(Files.java:3561) ~[?:?]
	at LandClaiming.jar/me.zombie_striker.landclaiming.Updater.log(Updater.java:508) ~[LandClaiming.jar:?]
	at LandClaiming.jar/me.zombie_striker.landclaiming.Updater.<init>(Updater.java:89) ~[LandClaiming.jar:?]
	at LandClaiming.jar/me.zombie_striker.landclaiming.Updater.<init>(Updater.java:137) ~[LandClaiming.jar:?]
	at LandClaiming.jar/me.zombie_striker.landclaiming.LandClaiming.onEnable(LandClaiming.java:148) ~[LandClaiming.jar:?]
	at org.bukkit.plugin.java.JavaPlugin.setEnabled(JavaPlugin.java:280) ~[paper-api-1.21.4-R0.1-SNAPSHOT.jar:?]
	at io.papermc.paper.plugin.manager.PaperPluginInstanceManager.enablePlugin(PaperPluginInstanceManager.java:202) ~[paper-1.21.4.jar:1.21.4-231-09e9afd]
	at io.papermc.paper.plugin.manager.PaperPluginManagerImpl.enablePlugin(PaperPluginManagerImpl.java:109) ~[paper-1.21.4.jar:1.21.4-231-09e9afd]
	at org.bukkit.plugin.SimplePluginManager.enablePlugin(SimplePluginManager.java:520) ~[paper-api-1.21.4-R0.1-SNAPSHOT.jar:?]
	at org.bukkit.craftbukkit.CraftServer.enablePlugin(CraftServer.java:658) ~[paper-1.21.4.jar:1.21.4-231-09e9afd]
	at org.bukkit.craftbukkit.CraftServer.enablePlugins(CraftServer.java:607) ~[paper-1.21.4.jar:1.21.4-231-09e9afd]
	at org.bukkit.craftbukkit.CraftServer.reload(CraftServer.java:1151) ~[paper-1.21.4.jar:1.21.4-231-09e9afd]
	at org.bukkit.Bukkit.reload(Bukkit.java:1038) ~[paper-api-1.21.4-R0.1-SNAPSHOT.jar:?]
	at org.bukkit.command.defaults.ReloadCommand.execute(ReloadCommand.java:59) ~[paper-api-1.21.4-R0.1-SNAPSHOT.jar:?]
	at org.bukkit.command.SimpleCommandMap.dispatch(SimpleCommandMap.java:165) ~[paper-api-1.21.4-R0.1-SNAPSHOT.jar:?]
	at org.bukkit.craftbukkit.CraftServer.dispatchCommand(CraftServer.java:1018) ~[paper-1.21.4.jar:1.21.4-231-09e9afd]
	at org.bukkit.craftbukkit.CraftServer.dispatchServerCommand(CraftServer.java:1003) ~[paper-1.21.4.jar:1.21.4-231-09e9afd]
	at net.minecraft.server.dedicated.DedicatedServer.handleConsoleInputs(DedicatedServer.java:478) ~[paper-1.21.4.jar:1.21.4-231-09e9afd]
	at net.minecraft.server.dedicated.DedicatedServer.tickConnection(DedicatedServer.java:428) ~[paper-1.21.4.jar:1.21.4-231-09e9afd]
	at net.minecraft.server.MinecraftServer.tickChildren(MinecraftServer.java:1738) ~[paper-1.21.4.jar:1.21.4-231-09e9afd]
	at net.minecraft.server.MinecraftServer.tickServer(MinecraftServer.java:1529) ~[paper-1.21.4.jar:1.21.4-231-09e9afd]
	at net.minecraft.server.MinecraftServer.runServer(MinecraftServer.java:1251) ~[paper-1.21.4.jar:1.21.4-231-09e9afd]
	at net.minecraft.server.MinecraftServer.lambda$spin$2(MinecraftServer.java:310) ~[paper-1.21.4.jar:1.21.4-231-09e9afd]
	at java.base/java.lang.Thread.run(Thread.java:1583) ~[?:?]
[16:10:23] [Server thread/INFO]: [EconomyShopGUI] Enabling EconomyShopGUI v6.13.0
[16:10:24] [Server thread/INFO]: [EconomyShopGUI] [INFO]: Using lang-en.yml as language file.
[16:10:24] [Server thread/INFO]: [EconomyShopGUI] [INFO]: Completed loading 6 section configs from /sections/
[16:10:24] [Server thread/INFO]: [EconomyShopGUI] [INFO]: Completed loading 6 shop configs from /shops/
[16:10:24] [Server thread/INFO]: [EconomyShopGUI] [INFO]: Updating Shop settings...
[16:10:24] [Server thread/INFO]: [EconomyShopGUI] [INFO]: Successfully hooked into Vault and using EssentialsX Economy as economy provider
[16:10:24] [Server thread/INFO]: [EconomyShopGUI] [INFO]: Completed loading 1 economy provider(s) for all 4 shop sections.
[16:10:24] [Server thread/INFO]: [EconomyShopGUI] [INFO]: Using minecraft version 1.21.4...
[16:10:24] [Server thread/INFO]: [EconomyShopGUI] [INFO]: Spawner provider set to AUTO in config
[16:10:24] [Server thread/INFO]: [EconomyShopGUI] [INFO]: Automatically searching for compatible spawner provider....
[16:10:24] [Server thread/INFO]: [EconomyShopGUI] [INFO]: Failed to automatically find compatible spawner provider, using default...
[16:10:24] [Server thread/INFO]: [EconomyShopGUI] [INFO]: Debug mode is enabled.
[16:10:24] [Server thread/INFO]: [EconomyShopGUI] [INFO]: Loading all items...
[16:10:24] [Server thread/INFO]: [EconomyShopGUI] [WARN]: The place of shop Decoration in the main shop-inventory has automatically been changed to '0' because it was already used or could not be found.
[16:10:24] [Server thread/INFO]: [EconomyShopGUI] [INFO]: Initialized - Took 113ms to complete
[16:10:24] [Server thread/INFO]: CONSOLE: Reload complete.
[16:10:24] [Server thread/WARN]: Can't keep up! Is the server overloaded? Running 3807ms or 76 ticks behind
[16:10:24] [Craft Scheduler Thread - 34 - Essentials/INFO]: [Essentials] Fetching version information...
[16:10:24] [Server thread/INFO]: [Essentials] Essentials found a compatible payment resolution method: Vault Compatibility Layer (v1.7.3-b131)!
[16:10:24] [Craft Scheduler Thread - 35 - Vault/INFO]: [Vault] Checking for Updates ... 
[16:10:24] [Craft Scheduler Thread - 35 - Vault/INFO]: [Vault] No new version available
[16:10:28] [Async Chat Thread - #2/INFO]: [Not Secure] <bonnie_donkis> d
[16:10:31] [Server thread/INFO]: bonnie_donkis issued server command: /plugins
[16:11:00] [Server thread/INFO]: Alasadg has made the advancement [Acquire Hardware]
